[0704/000624.288:ERROR:process_reader_win.cc(151)] SuspendThread: Отказано в доступе. (0x5)
[0704/000624.435:ERROR:process_reader_win.cc(151)] SuspendThread: Отказано в доступе. (0x5)
[0704/000624.435:ERROR:process_reader_win.cc(151)] SuspendThread: Отказано в доступе. (0x5)
[0704/000624.435:ERROR:process_reader_win.cc(151)] SuspendThread: Отказано в доступе. (0x5)
[0704/000624.435:ERROR:process_reader_win.cc(151)] SuspendThread: Отказано в доступе. (0x5)
[0704/000624.435:ERROR:process_reader_win.cc(151)] SuspendThread: Отказано в доступе. (0x5)
[0704/000624.435:ERROR:process_reader_win.cc(151)] SuspendThread: Отказано в доступе. (0x5)
[0704/000624.435:ERROR:process_reader_win.cc(123)] NtOpenThread: {Отказано в доступе} Процесс запросил доступ к объекту, но права на доступ не предоставлены. (0xc0000022)
[0704/000624.673:ERROR:exception_snapshot_win.cc(98)] thread ID 7240 not found in process
[0721/210025.339:ERROR:process_memory_win.cc(73)] ReadMemory at 0x91bebec000 of 81920 bytes failed: Запрос ReadProcessMemory или WriteProcessMemory был выполнен только частично. (0x12B)
[0721/210025.566:ERROR:process_memory_win.cc(73)] ReadMemory at 0x91c147d000 of 12288 bytes failed: Запрос ReadProcessMemory или WriteProcessMemory был выполнен только частично. (0x12B)
[0721/210025.566:ERROR:process_memory_win.cc(73)] ReadMemory at 0x91c247c000 of 16384 bytes failed: Запрос ReadProcessMemory или WriteProcessMemory был выполнен только частично. (0x12B)
[0721/210025.566:ERROR:process_memory_win.cc(73)] ReadMemory at 0x91c2c7c000 of 16384 bytes failed: Запрос ReadProcessMemory или WriteProcessMemory был выполнен только частично. (0x12B)
[0721/210025.566:ERROR:process_memory_win.cc(73)] ReadMemory at 0x91c347f000 of 4096 bytes failed: Запрос ReadProcessMemory или WriteProcessMemory был выполнен только частично. (0x12B)
[0721/210025.566:ERROR:process_memory_win.cc(73)] ReadMemory at 0x91c3c7d000 of 12288 bytes failed: Запрос ReadProcessMemory или WriteProcessMemory был выполнен только частично. (0x12B)
[0721/210025.566:ERROR:process_memory_win.cc(73)] ReadMemory at 0x91c467b000 of 20480 bytes failed: Запрос ReadProcessMemory или WriteProcessMemory был выполнен только частично. (0x12B)
[0721/210025.566:ERROR:process_memory_win.cc(73)] ReadMemory at 0x91c4e7c000 of 16384 bytes failed: Запрос ReadProcessMemory или WriteProcessMemory был выполнен только частично. (0x12B)
[0721/210025.566:ERROR:process_memory_win.cc(73)] ReadMemory at 0x91c5675000 of 45056 bytes failed: Запрос ReadProcessMemory или WriteProcessMemory был выполнен только частично. (0x12B)
[0721/210025.566:ERROR:process_memory_win.cc(73)] ReadMemory at 0x91c5e75000 of 45056 bytes failed: Запрос ReadProcessMemory или WriteProcessMemory был выполнен только частично. (0x12B)
[0721/210025.566:ERROR:process_memory_win.cc(73)] ReadMemory at 0x91c687c000 of 16384 bytes failed: Запрос ReadProcessMemory или WriteProcessMemory был выполнен только частично. (0x12B)
[0721/210025.566:ERROR:process_memory_win.cc(73)] ReadMemory at 0x91c707d000 of 12288 bytes failed: Запрос ReadProcessMemory или WriteProcessMemory был выполнен только частично. (0x12B)
[0721/210025.566:ERROR:process_memory_win.cc(73)] ReadMemory at 0x91c8ff9000 of 28672 bytes failed: Запрос ReadProcessMemory или WriteProcessMemory был выполнен только частично. (0x12B)
[0721/210025.566:ERROR:process_memory_win.cc(73)] ReadMemory at 0x91cb686000 of 40960 bytes failed: Запрос ReadProcessMemory или WriteProcessMemory был выполнен только частично. (0x12B)
[0721/210025.566:ERROR:process_memory_win.cc(73)] ReadMemory at 0x91cbe86000 of 40960 bytes failed: Запрос ReadProcessMemory или WriteProcessMemory был выполнен только частично. (0x12B)
[0721/210025.566:ERROR:process_memory_win.cc(73)] ReadMemory at 0x91d306b000 of 20480 bytes failed: Запрос ReadProcessMemory или WriteProcessMemory был выполнен только частично. (0x12B)
[0721/210025.566:ERROR:process_memory_win.cc(73)] ReadMemory at 0x91d77d6000 of 40960 bytes failed: Запрос ReadProcessMemory или WriteProcessMemory был выполнен только частично. (0x12B)
[0721/210025.566:ERROR:process_memory_win.cc(73)] ReadMemory at 0x91d7fde000 of 8192 bytes failed: Запрос ReadProcessMemory или WriteProcessMemory был выполнен только частично. (0x12B)
[0721/210025.567:ERROR:process_memory_win.cc(73)] ReadMemory at 0x91bedc3420 of 512 bytes failed: Запрос ReadProcessMemory или WriteProcessMemory был выполнен только частично. (0x12B)
[0721/210025.567:ERROR:process_memory_win.cc(73)] ReadMemory at 0x91bee507b0 of 54 bytes failed: Запрос ReadProcessMemory или WriteProcessMemory был выполнен только частично. (0x12B)
[0721/210025.567:ERROR:process_memory_win.cc(73)] ReadMemory at 0x91bee50860 of 9496 bytes failed: Запрос ReadProcessMemory или WriteProcessMemory был выполнен только частично. (0x12B)
[0721/210025.567:ERROR:process_memory_win.cc(73)] ReadMemory at 0x91bee52d80 of 1012 bytes failed: Запрос ReadProcessMemory или WriteProcessMemory был выполнен только частично. (0x12B)
[0721/210025.567:ERROR:process_memory_win.cc(73)] ReadMemory at 0x91bee53398 of 118 bytes failed: Запрос ReadProcessMemory или WriteProcessMemory был выполнен только частично. (0x12B)
[0721/210025.567:ERROR:process_memory_win.cc(73)] ReadMemory at 0x91bee53410 of 746 bytes failed: Запрос ReadProcessMemory или WriteProcessMemory был выполнен только частично. (0x12B)
[0721/210025.567:ERROR:process_memory_win.cc(73)] ReadMemory at 0x91bee536fc of 118 bytes failed: Запрос ReadProcessMemory или WriteProcessMemory был выполнен только частично. (0x12B)
[0721/210025.567:ERROR:process_memory_win.cc(73)] ReadMemory at 0x91bee53774 of 98 bytes failed: Запрос ReadProcessMemory или WriteProcessMemory был выполнен только частично. (0x12B)
[0721/210025.567:ERROR:process_memory_win.cc(73)] ReadMemory at 0x91bee537f0 of 58 bytes failed: Запрос ReadProcessMemory или WriteProcessMemory был выполнен только частично. (0x12B)
[0721/210025.567:ERROR:process_memory_win.cc(73)] ReadMemory at 0x91bee538f0 of 132 bytes failed: Запрос ReadProcessMemory или WriteProcessMemory был выполнен только частично. (0x12B)
[0721/210025.567:ERROR:process_memory_win.cc(73)] ReadMemory at 0x91bee53a70 of 132 bytes failed: Запрос ReadProcessMemory или WriteProcessMemory был выполнен только частично. (0x12B)
[0721/210025.567:ERROR:process_memory_win.cc(73)] ReadMemory at 0x91bee53c80 of 126 bytes failed: Запрос ReadProcessMemory или WriteProcessMemory был выполнен только частично. (0x12B)
[0721/210025.567:ERROR:process_memory_win.cc(73)] ReadMemory at 0x91bee53f70 of 64 bytes failed: Запрос ReadProcessMemory или WriteProcessMemory был выполнен только частично. (0x12B)
[0721/210025.567:ERROR:process_memory_win.cc(73)] ReadMemory at 0x91bee53fc0 of 132 bytes failed: Запрос ReadProcessMemory или WriteProcessMemory был выполнен только частично. (0x12B)
[0721/210025.598:ERROR:process_memory_win.cc(73)] ReadMemory at 0x91bee54280 of 154 bytes failed: Запрос ReadProcessMemory или WriteProcessMemory был выполнен только частично. (0x12B)
[0721/210025.598:ERROR:process_memory_win.cc(73)] ReadMemory at 0x91bee54330 of 68 bytes failed: Запрос ReadProcessMemory или WriteProcessMemory был выполнен только частично. (0x12B)
[0721/210025.598:ERROR:process_memory_win.cc(73)] ReadMemory at 0x91bee54380 of 132 bytes failed: Запрос ReadProcessMemory или WriteProcessMemory был выполнен только частично. (0x12B)
[0721/210025.598:ERROR:process_memory_win.cc(73)] ReadMemory at 0x91bee550d0 of 132 bytes failed: Запрос ReadProcessMemory или WriteProcessMemory был выполнен только частично. (0x12B)
[0721/210025.598:ERROR:process_memory_win.cc(73)] ReadMemory at 0x91bee55310 of 62 bytes failed: Запрос ReadProcessMemory или WriteProcessMemory был выполнен только частично. (0x12B)
[0721/210025.598:ERROR:process_memory_win.cc(73)] ReadMemory at 0x91bee55360 of 132 bytes failed: Запрос ReadProcessMemory или WriteProcessMemory был выполнен только частично. (0x12B)
[0721/210025.598:ERROR:process_memory_win.cc(73)] ReadMemory at 0x91bee55630 of 60 bytes failed: Запрос ReadProcessMemory или WriteProcessMemory был выполнен только частично. (0x12B)
[0721/210025.598:ERROR:process_memory_win.cc(73)] ReadMemory at 0x91bee565f0 of 132 bytes failed: Запрос ReadProcessMemory или WriteProcessMemory был выполнен только частично. (0x12B)
[0721/210025.637:ERROR:process_memory_win.cc(73)] ReadMemory at 0x91bee58190 of 132 bytes failed: Запрос ReadProcessMemory или WriteProcessMemory был выполнен только частично. (0x12B)
[0721/210025.637:ERROR:process_memory_win.cc(73)] ReadMemory at 0x91bee582b0 of 132 bytes failed: Запрос ReadProcessMemory или WriteProcessMemory был выполнен только частично. (0x12B)
[0721/210025.638:ERROR:process_memory_win.cc(73)] ReadMemory at 0x91bee585b0 of 132 bytes failed: Запрос ReadProcessMemory или WriteProcessMemory был выполнен только частично. (0x12B)
[0721/210025.638:ERROR:process_memory_win.cc(73)] ReadMemory at 0x91bee586d0 of 132 bytes failed: Запрос ReadProcessMemory или WriteProcessMemory был выполнен только частично. (0x12B)
[0721/210025.638:ERROR:process_memory_win.cc(73)] ReadMemory at 0x91bee5ae00 of 132 bytes failed: Запрос ReadProcessMemory или WriteProcessMemory был выполнен только частично. (0x12B)
[0721/210025.638:ERROR:process_memory_win.cc(73)] ReadMemory at 0x91bee5afd0 of 80 bytes failed: Запрос ReadProcessMemory или WriteProcessMemory был выполнен только частично. (0x12B)
[0721/210025.638:ERROR:process_memory_win.cc(73)] ReadMemory at 0x91bee5bbb0 of 146 bytes failed: Запрос ReadProcessMemory или WriteProcessMemory был выполнен только частично. (0x12B)
[0721/210025.638:ERROR:process_memory_win.cc(73)] ReadMemory at 0x91bee5bcb0 of 60 bytes failed: Запрос ReadProcessMemory или WriteProcessMemory был выполнен только частично. (0x12B)
[0721/210025.638:ERROR:process_memory_win.cc(73)] ReadMemory at 0x91bee5bd00 of 64 bytes failed: Запрос ReadProcessMemory или WriteProcessMemory был выполнен только частично. (0x12B)
[0721/210025.638:ERROR:process_memory_win.cc(73)] ReadMemory at 0x91bee5bd50 of 62 bytes failed: Запрос ReadProcessMemory или WriteProcessMemory был выполнен только частично. (0x12B)
[0721/210025.638:ERROR:process_memory_win.cc(73)] ReadMemory at 0x91bee5bda0 of 64 bytes failed: Запрос ReadProcessMemory или WriteProcessMemory был выполнен только частично. (0x12B)
[0721/210025.638:ERROR:process_memory_win.cc(73)] ReadMemory at 0x91bee5bdf0 of 60 bytes failed: Запрос ReadProcessMemory или WriteProcessMemory был выполнен только частично. (0x12B)
[0721/210025.638:ERROR:process_memory_win.cc(73)] ReadMemory at 0x91bee5be40 of 64 bytes failed: Запрос ReadProcessMemory или WriteProcessMemory был выполнен только частично. (0x12B)
[0721/210025.638:ERROR:process_memory_win.cc(73)] ReadMemory at 0x91bee5be90 of 66 bytes failed: Запрос ReadProcessMemory или WriteProcessMemory был выполнен только частично. (0x12B)
[0721/210025.638:ERROR:process_memory_win.cc(73)] ReadMemory at 0x91bee5bee0 of 60 bytes failed: Запрос ReadProcessMemory или WriteProcessMemory был выполнен только частично. (0x12B)
[0721/210025.638:ERROR:process_memory_win.cc(73)] ReadMemory at 0x91bee5bf30 of 62 bytes failed: Запрос ReadProcessMemory или WriteProcessMemory был выполнен только частично. (0x12B)
[0721/210025.638:ERROR:process_memory_win.cc(73)] ReadMemory at 0x91bee5bf80 of 62 bytes failed: Запрос ReadProcessMemory или WriteProcessMemory был выполнен только частично. (0x12B)
[0721/210025.638:ERROR:process_memory_win.cc(73)] ReadMemory at 0x91bee5bfd0 of 60 bytes failed: Запрос ReadProcessMemory или WriteProcessMemory был выполнен только частично. (0x12B)
[0721/210025.638:ERROR:process_memory_win.cc(73)] ReadMemory at 0x91bee5c070 of 64 bytes failed: Запрос ReadProcessMemory или WriteProcessMemory был выполнен только частично. (0x12B)
[0721/210025.674:ERROR:process_memory_win.cc(73)] ReadMemory at 0x91bee5c0c0 of 62 bytes failed: Запрос ReadProcessMemory или WriteProcessMemory был выполнен только частично. (0x12B)
[0721/210025.674:ERROR:process_memory_win.cc(73)] ReadMemory at 0x91bee5c110 of 62 bytes failed: Запрос ReadProcessMemory или WriteProcessMemory был выполнен только частично. (0x12B)
[0721/210025.674:ERROR:process_memory_win.cc(73)] ReadMemory at 0x91bee5c160 of 62 bytes failed: Запрос ReadProcessMemory или WriteProcessMemory был выполнен только частично. (0x12B)
[0721/210025.674:ERROR:process_memory_win.cc(73)] ReadMemory at 0x91bee5c1b0 of 60 bytes failed: Запрос ReadProcessMemory или WriteProcessMemory был выполнен только частично. (0x12B)
[0721/210025.674:ERROR:process_memory_win.cc(73)] ReadMemory at 0x91bee5c200 of 62 bytes failed: Запрос ReadProcessMemory или WriteProcessMemory был выполнен только частично. (0x12B)
[0721/210025.674:ERROR:process_memory_win.cc(73)] ReadMemory at 0x91bee5c250 of 60 bytes failed: Запрос ReadProcessMemory или WriteProcessMemory был выполнен только частично. (0x12B)
[0721/210025.707:ERROR:process_memory_win.cc(73)] ReadMemory at 0x91bee5c2a0 of 64 bytes failed: Запрос ReadProcessMemory или WriteProcessMemory был выполнен только частично. (0x12B)
[0721/210025.707:ERROR:process_memory_win.cc(73)] ReadMemory at 0x91bee5c2f0 of 58 bytes failed: Запрос ReadProcessMemory или WriteProcessMemory был выполнен только частично. (0x12B)
[0721/210025.707:ERROR:process_memory_win.cc(73)] ReadMemory at 0x91bee5c340 of 62 bytes failed: Запрос ReadProcessMemory или WriteProcessMemory был выполнен только частично. (0x12B)
[0721/210025.707:ERROR:process_memory_win.cc(73)] ReadMemory at 0x91bee5c390 of 62 bytes failed: Запрос ReadProcessMemory или WriteProcessMemory был выполнен только частично. (0x12B)
[0721/210025.707:ERROR:process_memory_win.cc(73)] ReadMemory at 0x91bee5c3e0 of 64 bytes failed: Запрос ReadProcessMemory или WriteProcessMemory был выполнен только частично. (0x12B)
[0721/210025.707:ERROR:process_memory_win.cc(73)] ReadMemory at 0x91bee5c470 of 132 bytes failed: Запрос ReadProcessMemory или WriteProcessMemory был выполнен только частично. (0x12B)
[0721/210025.707:ERROR:process_memory_win.cc(73)] ReadMemory at 0x91bee5ef10 of 132 bytes failed: Запрос ReadProcessMemory или WriteProcessMemory был выполнен только частично. (0x12B)
[0721/210025.707:ERROR:process_memory_win.cc(73)] ReadMemory at 0x91bee5f030 of 132 bytes failed: Запрос ReadProcessMemory или WriteProcessMemory был выполнен только частично. (0x12B)
[0721/210025.707:ERROR:process_memory_win.cc(73)] ReadMemory at 0x91bee5fc90 of 132 bytes failed: Запрос ReadProcessMemory или WriteProcessMemory был выполнен только частично. (0x12B)
[0721/210025.707:ERROR:process_memory_win.cc(73)] ReadMemory at 0x91bee5fdb0 of 132 bytes failed: Запрос ReadProcessMemory или WriteProcessMemory был выполнен только частично. (0x12B)
[0721/210025.707:ERROR:process_memory_win.cc(73)] ReadMemory at 0x91bee5ff20 of 132 bytes failed: Запрос ReadProcessMemory или WriteProcessMemory был выполнен только частично. (0x12B)
[0721/210025.731:ERROR:process_memory_win.cc(73)] ReadMemory at 0x91bee60040 of 132 bytes failed: Запрос ReadProcessMemory или WriteProcessMemory был выполнен только частично. (0x12B)
[0721/210025.767:ERROR:process_memory_win.cc(73)] ReadMemory at 0x91bee60160 of 132 bytes failed: Запрос ReadProcessMemory или WriteProcessMemory был выполнен только частично. (0x12B)
[0721/210025.767:ERROR:process_memory_win.cc(73)] ReadMemory at 0x91bee60280 of 132 bytes failed: Запрос ReadProcessMemory или WriteProcessMemory был выполнен только частично. (0x12B)
[0721/210025.767:ERROR:process_memory_win.cc(73)] ReadMemory at 0x91bee603a0 of 132 bytes failed: Запрос ReadProcessMemory или WriteProcessMemory был выполнен только частично. (0x12B)
[0721/210025.767:ERROR:process_memory_win.cc(73)] ReadMemory at 0x91bee604c0 of 132 bytes failed: Запрос ReadProcessMemory или WriteProcessMemory был выполнен только частично. (0x12B)
[0721/210025.767:ERROR:process_memory_win.cc(73)] ReadMemory at 0x91bee605e0 of 132 bytes failed: Запрос ReadProcessMemory или WriteProcessMemory был выполнен только частично. (0x12B)
[0721/210025.767:ERROR:process_memory_win.cc(73)] ReadMemory at 0x91bee60700 of 132 bytes failed: Запрос ReadProcessMemory или WriteProcessMemory был выполнен только частично. (0x12B)
[0721/210025.767:ERROR:process_memory_win.cc(73)] ReadMemory at 0x91bee60820 of 132 bytes failed: Запрос ReadProcessMemory или WriteProcessMemory был выполнен только частично. (0x12B)
[0721/210025.767:ERROR:process_memory_win.cc(73)] ReadMemory at 0x91bee60940 of 132 bytes failed: Запрос ReadProcessMemory или WriteProcessMemory был выполнен только частично. (0x12B)
[0721/210025.767:ERROR:process_memory_win.cc(73)] ReadMemory at 0x91bee60a60 of 132 bytes failed: Запрос ReadProcessMemory или WriteProcessMemory был выполнен только частично. (0x12B)
[0721/210025.767:ERROR:process_memory_win.cc(73)] ReadMemory at 0x91bee60b80 of 132 bytes failed: Запрос ReadProcessMemory или WriteProcessMemory был выполнен только частично. (0x12B)
[0721/210025.767:ERROR:process_memory_win.cc(73)] ReadMemory at 0x91bee60ca0 of 132 bytes failed: Запрос ReadProcessMemory или WriteProcessMemory был выполнен только частично. (0x12B)
[0721/210025.767:ERROR:process_memory_win.cc(73)] ReadMemory at 0x91bee61410 of 80 bytes failed: Запрос ReadProcessMemory или WriteProcessMemory был выполнен только частично. (0x12B)
[0721/210025.767:ERROR:process_memory_win.cc(73)] ReadMemory at 0x91bee62830 of 132 bytes failed: Запрос ReadProcessMemory или WriteProcessMemory был выполнен только частично. (0x12B)
[0721/210025.767:ERROR:process_memory_win.cc(73)] ReadMemory at 0x91bee62950 of 132 bytes failed: Запрос ReadProcessMemory или WriteProcessMemory был выполнен только частично. (0x12B)
[0721/210025.767:ERROR:process_memory_win.cc(73)] ReadMemory at 0x91bee62b90 of 132 bytes failed: Запрос ReadProcessMemory или WriteProcessMemory был выполнен только частично. (0x12B)
[0721/210025.767:ERROR:process_memory_win.cc(73)] ReadMemory at 0x91bee62ef0 of 132 bytes failed: Запрос ReadProcessMemory или WriteProcessMemory был выполнен только частично. (0x12B)
[0721/210025.768:ERROR:process_memory_win.cc(73)] ReadMemory at 0x91bee63010 of 132 bytes failed: Запрос ReadProcessMemory или WriteProcessMemory был выполнен только частично. (0x12B)
[0721/210025.768:ERROR:process_memory_win.cc(73)] ReadMemory at 0x91bee63130 of 132 bytes failed: Запрос ReadProcessMemory или WriteProcessMemory был выполнен только частично. (0x12B)
[0721/210025.768:ERROR:process_memory_win.cc(73)] ReadMemory at 0x91bee63370 of 132 bytes failed: Запрос ReadProcessMemory или WriteProcessMemory был выполнен только частично. (0x12B)
[0721/210025.768:ERROR:process_memory_win.cc(73)] ReadMemory at 0x91bee63eb0 of 132 bytes failed: Запрос ReadProcessMemory или WriteProcessMemory был выполнен только частично. (0x12B)
[0721/210025.827:ERROR:process_memory_win.cc(73)] ReadMemory at 0x91bee640f0 of 132 bytes failed: Запрос ReadProcessMemory или WriteProcessMemory был выполнен только частично. (0x12B)
[0721/210025.827:ERROR:process_memory_win.cc(73)] ReadMemory at 0x91bee64570 of 132 bytes failed: Запрос ReadProcessMemory или WriteProcessMemory был выполнен только частично. (0x12B)
[0721/210025.827:ERROR:process_memory_win.cc(73)] ReadMemory at 0x91bee65a70 of 58 bytes failed: Запрос ReadProcessMemory или WriteProcessMemory был выполнен только частично. (0x12B)
[0721/210025.827:ERROR:process_memory_win.cc(73)] ReadMemory at 0x91bee65b10 of 66 bytes failed: Запрос ReadProcessMemory или WriteProcessMemory был выполнен только частично. (0x12B)
[0721/210025.827:ERROR:process_memory_win.cc(73)] ReadMemory at 0x91bee65de0 of 58 bytes failed: Запрос ReadProcessMemory или WriteProcessMemory был выполнен только частично. (0x12B)
[0721/210025.827:ERROR:process_memory_win.cc(73)] ReadMemory at 0x91bee66150 of 64 bytes failed: Запрос ReadProcessMemory или WriteProcessMemory был выполнен только частично. (0x12B)
[0721/210025.857:ERROR:process_memory_win.cc(73)] ReadMemory at 0x91bee661a0 of 58 bytes failed: Запрос ReadProcessMemory или WriteProcessMemory был выполнен только частично. (0x12B)
[0721/210025.857:ERROR:process_memory_win.cc(73)] ReadMemory at 0x91bee663d0 of 60 bytes failed: Запрос ReadProcessMemory или WriteProcessMemory был выполнен только частично. (0x12B)
[0721/210025.857:ERROR:process_memory_win.cc(73)] ReadMemory at 0x91bee6a8c0 of 896 bytes failed: Запрос ReadProcessMemory или WriteProcessMemory был выполнен только частично. (0x12B)
[0721/210025.857:ERROR:process_memory_win.cc(73)] ReadMemory at 0x91bee6d780 of 512 bytes failed: Запрос ReadProcessMemory или WriteProcessMemory был выполнен только частично. (0x12B)
[0721/210025.857:ERROR:process_memory_win.cc(73)] ReadMemory at 0x91bf0204e0 of 512 bytes failed: Запрос ReadProcessMemory или WriteProcessMemory был выполнен только частично. (0x12B)
[0721/210025.857:ERROR:process_memory_win.cc(73)] ReadMemory at 0x91bf771420 of 512 bytes failed: Запрос ReadProcessMemory или WriteProcessMemory был выполнен только частично. (0x12B)
[0721/210025.857:ERROR:process_memory_win.cc(73)] ReadMemory at 0x91bf77bfc0 of 1024 bytes failed: Запрос ReadProcessMemory или WriteProcessMemory был выполнен только частично. (0x12B)
[0721/210025.857:ERROR:process_memory_win.cc(73)] ReadMemory at 0x91bf790980 of 512 bytes failed: Запрос ReadProcessMemory или WriteProcessMemory был выполнен только частично. (0x12B)
[0721/210025.857:ERROR:process_memory_win.cc(73)] ReadMemory at 0x91bf79fac0 of 512 bytes failed: Запрос ReadProcessMemory или WriteProcessMemory был выполнен только частично. (0x12B)
[0721/210025.857:ERROR:process_memory_win.cc(73)] ReadMemory at 0x91bf7f6ed0 of 512 bytes failed: Запрос ReadProcessMemory или WriteProcessMemory был выполнен только частично. (0x12B)
[0721/210025.857:ERROR:process_memory_win.cc(73)] ReadMemory at 0x91c3ce7c90 of 512 bytes failed: Запрос ReadProcessMemory или WriteProcessMemory был выполнен только частично. (0x12B)
[0721/210025.857:ERROR:process_memory_win.cc(73)] ReadMemory at 0x91c7bfd830 of 512 bytes failed: Запрос ReadProcessMemory или WriteProcessMemory был выполнен только частично. (0x12B)
[0721/210025.857:ERROR:process_memory_win.cc(73)] ReadMemory at 0x91c9ed9e30 of 512 bytes failed: Запрос ReadProcessMemory или WriteProcessMemory был выполнен только частично. (0x12B)
[0721/210025.857:ERROR:process_memory_win.cc(73)] ReadMemory at 0x91cc498030 of 512 bytes failed: Запрос ReadProcessMemory или WriteProcessMemory был выполнен только частично. (0x12B)
[0721/210025.857:ERROR:process_memory_win.cc(73)] ReadMemory at 0x91cf1852f0 of 512 bytes failed: Запрос ReadProcessMemory или WriteProcessMemory был выполнен только частично. (0x12B)
[0721/210025.857:ERROR:process_memory_win.cc(73)] ReadMemory at 0x91d471d510 of 512 bytes failed: Запрос ReadProcessMemory или WriteProcessMemory был выполнен только частично. (0x12B)
[0721/210025.857:ERROR:process_memory_win.cc(73)] ReadMemory at 0x19ccd18a3780 of 512 bytes failed: Запрос ReadProcessMemory или WriteProcessMemory был выполнен только частично. (0x12B)
[0721/210025.857:ERROR:process_memory_win.cc(73)] ReadMemory at 0x19ccd2a45f80 of 512 bytes failed: Запрос ReadProcessMemory или WriteProcessMemory был выполнен только частично. (0x12B)
[0721/210025.857:ERROR:process_memory_win.cc(73)] ReadMemory at 0x1e2900000000 of 384 bytes failed: Запрос ReadProcessMemory или WriteProcessMemory был выполнен только частично. (0x12B)
[0721/210025.857:ERROR:process_memory_win.cc(73)] ReadMemory at 0x1e290804028d of 512 bytes failed: Запрос ReadProcessMemory или WriteProcessMemory был выполнен только частично. (0x12B)
[0721/210025.857:ERROR:process_memory_win.cc(73)] ReadMemory at 0x1e290935be69 of 512 bytes failed: Запрос ReadProcessMemory или WriteProcessMemory был выполнен только частично. (0x12B)
[0721/210025.857:ERROR:process_memory_win.cc(73)] ReadMemory at 0x1e290a1713fd of 512 bytes failed: Запрос ReadProcessMemory или WriteProcessMemory был выполнен только частично. (0x12B)
[0721/210025.857:ERROR:process_memory_win.cc(73)] ReadMemory at 0x7ff6f41c8000 of 6024 bytes failed: Запрос ReadProcessMemory или WriteProcessMemory был выполнен только частично. (0x12B)
[0721/210025.857:ERROR:process_memory_win.cc(73)] ReadMemory at 0x7ff6f41ca000 of 6024 bytes failed: Запрос ReadProcessMemory или WriteProcessMemory был выполнен только частично. (0x12B)
[0721/210025.857:ERROR:process_memory_win.cc(73)] ReadMemory at 0x7ff6f41cc000 of 6024 bytes failed: Запрос ReadProcessMemory или WriteProcessMemory был выполнен только частично. (0x12B)
[0721/210025.857:ERROR:process_memory_win.cc(73)] ReadMemory at 0x7ff6f41ce000 of 6024 bytes failed: Запрос ReadProcessMemory или WriteProcessMemory был выполнен только частично. (0x12B)
[0721/210025.858:ERROR:process_memory_win.cc(73)] ReadMemory at 0x7ff6f41d0000 of 6024 bytes failed: Запрос ReadProcessMemory или WriteProcessMemory был выполнен только частично. (0x12B)
[0721/210025.858:ERROR:process_memory_win.cc(73)] ReadMemory at 0x7ff6f41d2000 of 6024 bytes failed: Запрос ReadProcessMemory или WriteProcessMemory был выполнен только частично. (0x12B)
[0721/210025.858:ERROR:process_memory_win.cc(73)] ReadMemory at 0x7ff6f41d4000 of 6024 bytes failed: Запрос ReadProcessMemory или WriteProcessMemory был выполнен только частично. (0x12B)
[0721/210025.858:ERROR:process_memory_win.cc(73)] ReadMemory at 0x7ff6f41d6000 of 6024 bytes failed: Запрос ReadProcessMemory или WriteProcessMemory был выполнен только частично. (0x12B)
[0721/210025.858:ERROR:process_memory_win.cc(73)] ReadMemory at 0x7ff6f41d8000 of 6024 bytes failed: Запрос ReadProcessMemory или WriteProcessMemory был выполнен только частично. (0x12B)
[0721/210025.858:ERROR:process_memory_win.cc(73)] ReadMemory at 0x7ff6f41da000 of 6024 bytes failed: Запрос ReadProcessMemory или WriteProcessMemory был выполнен только частично. (0x12B)
[0721/210025.858:ERROR:process_memory_win.cc(73)] ReadMemory at 0x7ff6f41dc000 of 6024 bytes failed: Запрос ReadProcessMemory или WriteProcessMemory был выполнен только частично. (0x12B)
[0721/210025.858:ERROR:process_memory_win.cc(73)] ReadMemory at 0x7ff6f41de000 of 6024 bytes failed: Запрос ReadProcessMemory или WriteProcessMemory был выполнен только частично. (0x12B)
[0721/210025.858:ERROR:process_memory_win.cc(73)] ReadMemory at 0x7ff6f4303000 of 6024 bytes failed: Запрос ReadProcessMemory или WriteProcessMemory был выполнен только частично. (0x12B)
[0721/210025.858:ERROR:process_memory_win.cc(73)] ReadMemory at 0x7ff6f4305000 of 6024 bytes failed: Запрос ReadProcessMemory или WriteProcessMemory был выполнен только частично. (0x12B)
[0721/210025.858:ERROR:process_memory_win.cc(73)] ReadMemory at 0x7ff6f4307000 of 6024 bytes failed: Запрос ReadProcessMemory или WriteProcessMemory был выполнен только частично. (0x12B)
[0721/210025.858:ERROR:process_memory_win.cc(73)] ReadMemory at 0x7ff6f4309000 of 852 bytes failed: Запрос ReadProcessMemory или WriteProcessMemory был выполнен только частично. (0x12B)
[0721/210025.858:ERROR:process_memory_win.cc(73)] ReadMemory at 0x7ff6f430a000 of 6024 bytes failed: Запрос ReadProcessMemory или WriteProcessMemory был выполнен только частично. (0x12B)
[0721/210025.858:ERROR:process_memory_win.cc(73)] ReadMemory at 0x7ff6f430c000 of 6024 bytes failed: Запрос ReadProcessMemory или WriteProcessMemory был выполнен только частично. (0x12B)
[0721/210025.858:ERROR:process_memory_win.cc(73)] ReadMemory at 0x7ff6f430e000 of 6024 bytes failed: Запрос ReadProcessMemory или WriteProcessMemory был выполнен только частично. (0x12B)
[0721/210025.858:ERROR:process_memory_win.cc(73)] ReadMemory at 0x7ffce04688e0 of 512 bytes failed: Запрос ReadProcessMemory или WriteProcessMemory был выполнен только частично. (0x12B)
[0721/210025.858:ERROR:process_memory_win.cc(73)] ReadMemory at 0x7ffce0aa62a0 of 512 bytes failed: Запрос ReadProcessMemory или WriteProcessMemory был выполнен только частично. (0x12B)
[0721/210025.858:ERROR:process_memory_win.cc(73)] ReadMemory at 0x7ffce512f3b0 of 512 bytes failed: Запрос ReadProcessMemory или WriteProcessMemory был выполнен только частично. (0x12B)
[0721/210025.858:ERROR:process_memory_win.cc(73)] ReadMemory at 0x7ffce5386310 of 512 bytes failed: Запрос ReadProcessMemory или WriteProcessMemory был выполнен только частично. (0x12B)
[0721/210025.858:ERROR:process_memory_win.cc(73)] ReadMemory at 0x7ffce53eedeb of 512 bytes failed: Запрос ReadProcessMemory или WriteProcessMemory был выполнен только частично. (0x12B)
[0721/210025.858:ERROR:process_memory_win.cc(73)] ReadMemory at 0x7ffcfbe079a5 of 512 bytes failed: Запрос ReadProcessMemory или WriteProcessMemory был выполнен только частично. (0x12B)
[0721/210025.926:ERROR:process_memory_win.cc(73)] ReadMemory at 0x7ffcfbe08180 of 512 bytes failed: Запрос ReadProcessMemory или WriteProcessMemory был выполнен только частично. (0x12B)
[0721/210025.953:ERROR:process_memory_win.cc(73)] ReadMemory at 0x7ffd1c9a9140 of 512 bytes failed: Запрос ReadProcessMemory или WriteProcessMemory был выполнен только частично. (0x12B)
[0721/210025.953:ERROR:process_memory_win.cc(73)] ReadMemory at 0x7ffd1cf095e0 of 18 bytes failed: Запрос ReadProcessMemory или WriteProcessMemory был выполнен только частично. (0x12B)
[0721/210025.953:ERROR:process_memory_win.cc(73)] ReadMemory at 0x7ffd1cf1c4f0 of 512 bytes failed: Запрос ReadProcessMemory или WriteProcessMemory был выполнен только частично. (0x12B)
[0721/210025.953:ERROR:process_memory_win.cc(73)] ReadMemory at 0x7ffd1cf3acd0 of 512 bytes failed: Запрос ReadProcessMemory или WriteProcessMemory был выполнен только частично. (0x12B)
[0721/210025.953:ERROR:process_memory_win.cc(73)] ReadMemory at 0x7ffd1cf9071a of 592 bytes failed: Запрос ReadProcessMemory или WriteProcessMemory был выполнен только частично. (0x12B)
[0721/210025.971:ERROR:process_memory_win.cc(73)] ReadMemory at 0x7ffd1cf9219a of 560 bytes failed: Запрос ReadProcessMemory или WriteProcessMemory был выполнен только частично. (0x12B)
[0721/210025.971:ERROR:process_memory_win.cc(73)] ReadMemory at 0x7ffd1d02e8a8 of 40 bytes failed: Запрос ReadProcessMemory или WriteProcessMemory был выполнен только частично. (0x12B)
[0721/210025.971:ERROR:process_memory_win.cc(73)] ReadMemory at 0x7ffd1d02ebe0 of 48 bytes failed: Запрос ReadProcessMemory или WriteProcessMemory был выполнен только частично. (0x12B)
[0721/210025.971:ERROR:process_memory_win.cc(73)] ReadMemory at 0x7ffd1d031320 of 64 bytes failed: Запрос ReadProcessMemory или WriteProcessMemory был выполнен только частично. (0x12B)
[0721/210027.697:ERROR:scoped_process_suspend.cc(40)] NtResumeProcess: Попытка доступа к процессу, выполняющему процедуру завершения. (0xc000010a)
[0724/115139.992:ERROR:process_memory_win.cc(73)] ReadMemory at 0x7ff69c310000 of 64 bytes failed: Запрос ReadProcessMemory или WriteProcessMemory был выполнен только частично. (0x12B)
[0724/115140.020:WARNING:pe_image_reader.cc(340)] could not read dos header from C:\Program Files (x86)\Google\Chrome\Application\chrome.exe
[0724/115140.020:ERROR:process_memory_win.cc(73)] ReadMemory at 0x7ffcfaf50000 of 64 bytes failed: Запрос ReadProcessMemory или WriteProcessMemory был выполнен только частично. (0x12B)
[0724/115140.020:WARNING:pe_image_reader.cc(340)] could not read dos header from C:\Windows\SYSTEM32\ntdll.dll
[0724/115140.020:ERROR:process_memory_win.cc(73)] ReadMemory at 0x7ffcfa9c0000 of 64 bytes failed: Запрос ReadProcessMemory или WriteProcessMemory был выполнен только частично. (0x12B)
[0724/115140.020:WARNING:pe_image_reader.cc(340)] could not read dos header from C:\Windows\system32\KERNEL32.DLL
[0724/115140.020:ERROR:process_memory_win.cc(73)] ReadMemory at 0x7ffcf84c0000 of 64 bytes failed: Запрос ReadProcessMemory или WriteProcessMemory был выполнен только частично. (0x12B)
[0724/115140.020:WARNING:pe_image_reader.cc(340)] could not read dos header from C:\Windows\system32\KERNELBASE.dll
[0724/115140.020:ERROR:process_memory_win.cc(73)] ReadMemory at 0x7ffcdc8d0000 of 64 bytes failed: Запрос ReadProcessMemory или WriteProcessMemory был выполнен только частично. (0x12B)
[0724/115140.020:WARNING:pe_image_reader.cc(340)] could not read dos header from C:\Program Files (x86)\Google\Chrome\Application\84.0.4147.89\chrome_elf.dll
[0724/115140.020:ERROR:process_memory_win.cc(73)] ReadMemory at 0x7ffcf6c30000 of 64 bytes failed: Запрос ReadProcessMemory или WriteProcessMemory был выполнен только частично. (0x12B)
[0724/115140.020:WARNING:pe_image_reader.cc(340)] could not read dos header from C:\Windows\SYSTEM32\VERSION.dll
[0724/115140.020:ERROR:process_memory_win.cc(73)] ReadMemory at 0x7ffcf8750000 of 64 bytes failed: Запрос ReadProcessMemory или WriteProcessMemory был выполнен только частично. (0x12B)
[0724/115140.020:WARNING:pe_image_reader.cc(340)] could not read dos header from C:\Windows\system32\msvcrt.dll
[0724/115140.020:ERROR:process_memory_win.cc(73)] ReadMemory at 0x7ffcfae00000 of 64 bytes failed: Запрос ReadProcessMemory или WriteProcessMemory был выполнен только частично. (0x12B)
[0724/115140.020:WARNING:pe_image_reader.cc(340)] could not read dos header from C:\Windows\system32\ADVAPI32.dll
[0724/115140.020:ERROR:process_memory_win.cc(73)] ReadMemory at 0x7ffcfa770000 of 64 bytes failed: Запрос ReadProcessMemory или WriteProcessMemory был выполнен только частично. (0x12B)
[0724/115140.020:WARNING:pe_image_reader.cc(340)] could not read dos header from C:\Windows\SYSTEM32\sechost.dll
[0724/115140.020:ERROR:process_memory_win.cc(73)] ReadMemory at 0x7ffcfa360000 of 64 bytes failed: Запрос ReadProcessMemory или WriteProcessMemory был выполнен только частично. (0x12B)
[0724/115140.020:WARNING:pe_image_reader.cc(340)] could not read dos header from C:\Windows\system32\RPCRT4.dll
[0724/115140.020:ERROR:process_memory_win.cc(73)] ReadMemory at 0x7ffcf82b0000 of 64 bytes failed: Запрос ReadProcessMemory или WriteProcessMemory был выполнен только частично. (0x12B)
[0724/115140.020:WARNING:pe_image_reader.cc(340)] could not read dos header from C:\Windows\system32\SspiCli.dll
[0724/115140.020:ERROR:process_memory_win.cc(73)] ReadMemory at 0x7ffcc8760000 of 64 bytes failed: Запрос ReadProcessMemory или WriteProcessMemory был выполнен только частично. (0x12B)
[0724/115140.020:WARNING:pe_image_reader.cc(340)] could not read dos header from C:\Program Files (x86)\Google\Chrome\Application\84.0.4147.89\chrome.dll
[0724/115140.020:ERROR:process_memory_win.cc(73)] ReadMemory at 0x7ffcf8b20000 of 64 bytes failed: Запрос ReadProcessMemory или WriteProcessMemory был выполнен только частично. (0x12B)
[0724/115140.020:WARNING:pe_image_reader.cc(340)] could not read dos header from C:\Windows\system32\WS2_32.dll
[0724/115140.020:ERROR:process_memory_win.cc(73)] ReadMemory at 0x7ffcf1be0000 of 64 bytes failed: Запрос ReadProcessMemory или WriteProcessMemory был выполнен только частично. (0x12B)
[0724/115140.020:WARNING:pe_image_reader.cc(340)] could not read dos header from C:\Windows\SYSTEM32\IPHLPAPI.DLL
[0724/115140.020:ERROR:process_memory_win.cc(73)] ReadMemory at 0x7ffcf8b80000 of 64 bytes failed: Запрос ReadProcessMemory или WriteProcessMemory был выполнен только частично. (0x12B)
[0724/115140.020:WARNING:pe_image_reader.cc(340)] could not read dos header from C:\Windows\system32\OLEAUT32.dll
[0724/115140.020:ERROR:process_memory_win.cc(73)] ReadMemory at 0x7ffcf0fe0000 of 64 bytes failed: Запрос ReadProcessMemory или WriteProcessMemory был выполнен только частично. (0x12B)
[0724/115140.020:WARNING:pe_image_reader.cc(340)] could not read dos header from C:\Windows\SYSTEM32\WINMM.dll
[0724/115140.020:ERROR:process_memory_win.cc(73)] ReadMemory at 0x7ffcea250000 of 64 bytes failed: Запрос ReadProcessMemory или WriteProcessMemory был выполнен только частично. (0x12B)
[0724/115140.020:WARNING:pe_image_reader.cc(340)] could not read dos header from C:\Windows\SYSTEM32\Secur32.dll
[0724/115140.020:ERROR:process_memory_win.cc(73)] ReadMemory at 0x7ffcf76c0000 of 64 bytes failed: Запрос ReadProcessMemory или WriteProcessMemory был выполнен только частично. (0x12B)
[0724/115140.020:WARNING:pe_image_reader.cc(340)] could not read dos header from C:\Windows\SYSTEM32\USERENV.dll
[0724/115140.020:ERROR:process_memory_win.cc(73)] ReadMemory at 0x7ffcf81a0000 of 64 bytes failed: Запрос ReadProcessMemory или WriteProcessMemory был выполнен только частично. (0x12B)
[0724/115140.020:WARNING:pe_image_reader.cc(340)] could not read dos header from C:\Windows\system32\WINTRUST.dll
[0724/115140.020:ERROR:process_memory_win.cc(73)] ReadMemory at 0x7ffce63d0000 of 64 bytes failed: Запрос ReadProcessMemory или WriteProcessMemory был выполнен только частично. (0x12B)
[0724/115140.020:WARNING:pe_image_reader.cc(340)] could not read dos header from C:\Windows\SYSTEM32\UIAutomationCore.DLL
[0724/115140.020:ERROR:process_memory_win.cc(73)] ReadMemory at 0x7ffcf82e0000 of 64 bytes failed: Запрос ReadProcessMemory или WriteProcessMemory был выполнен только частично. (0x12B)
[0724/115140.020:WARNING:pe_image_reader.cc(340)] could not read dos header from C:\Windows\system32\CRYPT32.dll
[0724/115140.020:ERROR:process_memory_win.cc(73)] ReadMemory at 0x7ffcf5050000 of 64 bytes failed: Запрос ReadProcessMemory или WriteProcessMemory был выполнен только частично. (0x12B)
[0724/115140.020:WARNING:pe_image_reader.cc(340)] could not read dos header from C:\Windows\SYSTEM32\DWrite.dll
[0724/115140.021:ERROR:process_memory_win.cc(73)] ReadMemory at 0x7ffcf0e40000 of 64 bytes failed: Запрос ReadProcessMemory или WriteProcessMemory был выполнен только частично. (0x12B)
[0724/115140.021:WARNING:pe_image_reader.cc(340)] could not read dos header from C:\Windows\SYSTEM32\WINSPOOL.DRV
[0724/115140.021:ERROR:process_memory_win.cc(73)] ReadMemory at 0x7ffcdc9c0000 of 64 bytes failed: Запрос ReadProcessMemory или WriteProcessMemory был выполнен только частично. (0x12B)
[0724/115140.021:WARNING:pe_image_reader.cc(340)] could not read dos header from C:\Windows\SYSTEM32\dbghelp.dll
[0724/115140.021:ERROR:process_memory_win.cc(73)] ReadMemory at 0x7ffcef3c0000 of 64 bytes failed: Запрос ReadProcessMemory или WriteProcessMemory был выполнен только частично. (0x12B)
[0724/115140.021:WARNING:pe_image_reader.cc(340)] could not read dos header from C:\Windows\SYSTEM32\WINHTTP.dll
[0724/115140.021:ERROR:process_memory_win.cc(73)] ReadMemory at 0x7ffcf19a0000 of 64 bytes failed: Запрос ReadProcessMemory или WriteProcessMemory был выполнен только частично. (0x12B)
[0724/115140.021:WARNING:pe_image_reader.cc(340)] could not read dos header from C:\Windows\SYSTEM32\dhcpcsvc.DLL
[0724/115140.021:ERROR:process_memory_win.cc(73)] ReadMemory at 0xf6a2f70000 of 64 bytes failed: Запрос ReadProcessMemory или WriteProcessMemory был выполнен только частично. (0x12B)
[0724/115140.021:WARNING:pe_image_reader.cc(340)] could not read dos header from C:\Windows\system32\NSI.dll
[0724/115140.021:ERROR:process_memory_win.cc(73)] ReadMemory at 0x7ffcf1bb0000 of 64 bytes failed: Запрос ReadProcessMemory или WriteProcessMemory был выполнен только частично. (0x12B)
[0724/115140.021:WARNING:pe_image_reader.cc(340)] could not read dos header from C:\Windows\SYSTEM32\WINNSI.DLL
[0724/115140.021:ERROR:process_memory_win.cc(73)] ReadMemory at 0x7ffcfa4a0000 of 64 bytes failed: Запрос ReadProcessMemory или WriteProcessMemory был выполнен только частично. (0x12B)
[0724/115140.021:WARNING:pe_image_reader.cc(340)] could not read dos header from C:\Windows\system32\combase.dll
[0724/115140.021:ERROR:process_memory_win.cc(73)] ReadMemory at 0x7ffcf0e10000 of 64 bytes failed: Запрос ReadProcessMemory или WriteProcessMemory был выполнен только частично. (0x12B)
[0724/115140.021:WARNING:pe_image_reader.cc(340)] could not read dos header from C:\Windows\SYSTEM32\WINMMBASE.dll
[0724/115140.021:ERROR:process_memory_win.cc(73)] ReadMemory at 0x7ffcf89a0000 of 64 bytes failed: Запрос ReadProcessMemory или WriteProcessMemory был выполнен только частично. (0x12B)
[0724/115140.021:WARNING:pe_image_reader.cc(340)] could not read dos header from C:\Windows\system32\USER32.dll
[0724/115140.021:ERROR:process_memory_win.cc(73)] ReadMemory at 0x7ffcf8080000 of 64 bytes failed: Запрос ReadProcessMemory или WriteProcessMemory был выполнен только частично. (0x12B)
[0724/115140.021:WARNING:pe_image_reader.cc(340)] could not read dos header from C:\Windows\SYSTEM32\profapi.dll
[0724/115140.021:ERROR:process_memory_win.cc(73)] ReadMemory at 0x7ffcf8130000 of 64 bytes failed: Запрос ReadProcessMemory или WriteProcessMemory был выполнен только частично. (0x12B)
[0724/115140.021:WARNING:pe_image_reader.cc(340)] could not read dos header from C:\Windows\system32\MSASN1.dll
[0724/115140.021:ERROR:process_memory_win.cc(73)] ReadMemory at 0x7ffcf8150000 of 64 bytes failed: Запрос ReadProcessMemory или WriteProcessMemory был выполнен только частично. (0x12B)
[0724/115140.021:WARNING:pe_image_reader.cc(340)] could not read dos header from C:\Windows\SYSTEM32\cfgmgr32.dll
[0724/115140.021:ERROR:process_memory_win.cc(73)] ReadMemory at 0x7ffcf6ea0000 of 64 bytes failed: Запрос ReadProcessMemory или WriteProcessMemory был выполнен только частично. (0x12B)
[0724/115140.021:WARNING:pe_image_reader.cc(340)] could not read dos header from C:\Windows\SYSTEM32\DEVOBJ.dll
[0724/115140.021:ERROR:process_memory_win.cc(73)] ReadMemory at 0x7ffcfaca0000 of 64 bytes failed: Запрос ReadProcessMemory или WriteProcessMemory был выполнен только частично. (0x12B)
[0724/115140.021:WARNING:pe_image_reader.cc(340)] could not read dos header from C:\Windows\system32\GDI32.dll
[0724/115140.021:ERROR:process_memory_win.cc(73)] ReadMemory at 0x7ffcfaf10000 of 64 bytes failed: Запрос ReadProcessMemory или WriteProcessMemory был выполнен только частично. (0x12B)
[0724/115140.021:WARNING:pe_image_reader.cc(340)] could not read dos header from C:\Windows\system32\IMM32.DLL
[0724/115140.021:ERROR:process_memory_win.cc(73)] ReadMemory at 0x7ffcf85f0000 of 64 bytes failed: Запрос ReadProcessMemory или WriteProcessMemory был выполнен только частично. (0x12B)
[0724/115140.021:WARNING:pe_image_reader.cc(340)] could not read dos header from C:\Windows\system32\MSCTF.dll
[0724/115140.021:ERROR:process_memory_win.cc(73)] ReadMemory at 0x7ffcf7fc0000 of 64 bytes failed: Запрос ReadProcessMemory или WriteProcessMemory был выполнен только частично. (0x12B)
[0724/115140.021:WARNING:pe_image_reader.cc(340)] could not read dos header from C:\Windows\SYSTEM32\CRYPTBASE.DLL
[0724/115140.021:ERROR:process_memory_win.cc(73)] ReadMemory at 0x7ffcf7f50000 of 64 bytes failed: Запрос ReadProcessMemory или WriteProcessMemory был выполнен только частично. (0x12B)
[0724/115140.021:WARNING:pe_image_reader.cc(340)] could not read dos header from C:\Windows\SYSTEM32\bcryptPrimitives.dll
[0724/115141.276:ERROR:process_memory_win.cc(73)] ReadMemory at 0x7ff69c310000 of 64 bytes failed: Запрос ReadProcessMemory или WriteProcessMemory был выполнен только частично. (0x12B)
[0724/115141.276:WARNING:pe_image_reader.cc(340)] could not read dos header from C:\Program Files (x86)\Google\Chrome\Application\chrome.exe
[0724/115141.276:ERROR:process_memory_win.cc(73)] ReadMemory at 0x7ffcfaf50000 of 64 bytes failed: Запрос ReadProcessMemory или WriteProcessMemory был выполнен только частично. (0x12B)
[0724/115141.276:WARNING:pe_image_reader.cc(340)] could not read dos header from C:\Windows\SYSTEM32\ntdll.dll
[0724/115141.276:ERROR:process_memory_win.cc(73)] ReadMemory at 0x7ffcfa9c0000 of 64 bytes failed: Запрос ReadProcessMemory или WriteProcessMemory был выполнен только частично. (0x12B)
[0724/115141.276:WARNING:pe_image_reader.cc(340)] could not read dos header from C:\Windows\system32\KERNEL32.DLL
[0724/115141.276:ERROR:process_memory_win.cc(73)] ReadMemory at 0x7ffcf84c0000 of 64 bytes failed: Запрос ReadProcessMemory или WriteProcessMemory был выполнен только частично. (0x12B)
[0724/115141.276:WARNING:pe_image_reader.cc(340)] could not read dos header from C:\Windows\system32\KERNELBASE.dll
[0724/115141.276:ERROR:process_memory_win.cc(73)] ReadMemory at 0x7ffcdc8d0000 of 64 bytes failed: Запрос ReadProcessMemory или WriteProcessMemory был выполнен только частично. (0x12B)
[0724/115141.276:WARNING:pe_image_reader.cc(340)] could not read dos header from C:\Program Files (x86)\Google\Chrome\Application\84.0.4147.89\chrome_elf.dll
[0724/115141.276:ERROR:process_memory_win.cc(73)] ReadMemory at 0x7ffcf6c30000 of 64 bytes failed: Запрос ReadProcessMemory или WriteProcessMemory был выполнен только частично. (0x12B)
[0724/115141.276:WARNING:pe_image_reader.cc(340)] could not read dos header from C:\Windows\SYSTEM32\VERSION.dll
[0724/115141.276:ERROR:process_memory_win.cc(73)] ReadMemory at 0x7ffcf8750000 of 64 bytes failed: Запрос ReadProcessMemory или WriteProcessMemory был выполнен только частично. (0x12B)
[0724/115141.276:WARNING:pe_image_reader.cc(340)] could not read dos header from C:\Windows\system32\msvcrt.dll
[0724/115141.276:ERROR:process_memory_win.cc(73)] ReadMemory at 0x7ffcfae00000 of 64 bytes failed: Запрос ReadProcessMemory или WriteProcessMemory был выполнен только частично. (0x12B)
[0724/115141.276:WARNING:pe_image_reader.cc(340)] could not read dos header from C:\Windows\system32\ADVAPI32.dll
[0724/115141.276:ERROR:process_memory_win.cc(73)] ReadMemory at 0x7ffcfa770000 of 64 bytes failed: Запрос ReadProcessMemory или WriteProcessMemory был выполнен только частично. (0x12B)
[0724/115141.276:WARNING:pe_image_reader.cc(340)] could not read dos header from C:\Windows\SYSTEM32\sechost.dll
[0724/115141.276:ERROR:process_memory_win.cc(73)] ReadMemory at 0x7ffcfa360000 of 64 bytes failed: Запрос ReadProcessMemory или WriteProcessMemory был выполнен только частично. (0x12B)
[0724/115141.276:WARNING:pe_image_reader.cc(340)] could not read dos header from C:\Windows\system32\RPCRT4.dll
[0724/115141.276:ERROR:process_memory_win.cc(73)] ReadMemory at 0x7ffcf82b0000 of 64 bytes failed: Запрос ReadProcessMemory или WriteProcessMemory был выполнен только частично. (0x12B)
[0724/115141.276:WARNING:pe_image_reader.cc(340)] could not read dos header from C:\Windows\system32\SspiCli.dll
[0724/115141.276:ERROR:process_memory_win.cc(73)] ReadMemory at 0x7ffcc8760000 of 64 bytes failed: Запрос ReadProcessMemory или WriteProcessMemory был выполнен только частично. (0x12B)
[0724/115141.276:WARNING:pe_image_reader.cc(340)] could not read dos header from C:\Program Files (x86)\Google\Chrome\Application\84.0.4147.89\chrome.dll
[0724/115141.276:ERROR:process_memory_win.cc(73)] ReadMemory at 0x7ffcf8b20000 of 64 bytes failed: Запрос ReadProcessMemory или WriteProcessMemory был выполнен только частично. (0x12B)
[0724/115141.276:WARNING:pe_image_reader.cc(340)] could not read dos header from C:\Windows\system32\WS2_32.dll
[0724/115141.276:ERROR:process_memory_win.cc(73)] ReadMemory at 0x7ffcf1be0000 of 64 bytes failed: Запрос ReadProcessMemory или WriteProcessMemory был выполнен только частично. (0x12B)
[0724/115141.276:WARNING:pe_image_reader.cc(340)] could not read dos header from C:\Windows\SYSTEM32\IPHLPAPI.DLL
[0724/115141.276:ERROR:process_memory_win.cc(73)] ReadMemory at 0x7ffcf8b80000 of 64 bytes failed: Запрос ReadProcessMemory или WriteProcessMemory был выполнен только частично. (0x12B)
[0724/115141.276:WARNING:pe_image_reader.cc(340)] could not read dos header from C:\Windows\system32\OLEAUT32.dll
[0724/115141.276:ERROR:process_memory_win.cc(73)] ReadMemory at 0x7ffcf0fe0000 of 64 bytes failed: Запрос ReadProcessMemory или WriteProcessMemory был выполнен только частично. (0x12B)
[0724/115141.276:WARNING:pe_image_reader.cc(340)] could not read dos header from C:\Windows\SYSTEM32\WINMM.dll
[0724/115141.276:ERROR:process_memory_win.cc(73)] ReadMemory at 0x7ffcea250000 of 64 bytes failed: Запрос ReadProcessMemory или WriteProcessMemory был выполнен только частично. (0x12B)
[0724/115141.276:WARNING:pe_image_reader.cc(340)] could not read dos header from C:\Windows\SYSTEM32\Secur32.dll
[0724/115141.276:ERROR:process_memory_win.cc(73)] ReadMemory at 0x7ffcf76c0000 of 64 bytes failed: Запрос ReadProcessMemory или WriteProcessMemory был выполнен только частично. (0x12B)
[0724/115141.276:WARNING:pe_image_reader.cc(340)] could not read dos header from C:\Windows\SYSTEM32\USERENV.dll
[0724/115141.276:ERROR:process_memory_win.cc(73)] ReadMemory at 0x7ffcf81a0000 of 64 bytes failed: Запрос ReadProcessMemory или WriteProcessMemory был выполнен только частично. (0x12B)
[0724/115141.276:WARNING:pe_image_reader.cc(340)] could not read dos header from C:\Windows\system32\WINTRUST.dll
[0724/115141.276:ERROR:process_memory_win.cc(73)] ReadMemory at 0x7ffce63d0000 of 64 bytes failed: Запрос ReadProcessMemory или WriteProcessMemory был выполнен только частично. (0x12B)
[0724/115141.276:WARNING:pe_image_reader.cc(340)] could not read dos header from C:\Windows\SYSTEM32\UIAutomationCore.DLL
[0724/115141.276:ERROR:process_memory_win.cc(73)] ReadMemory at 0x7ffcf82e0000 of 64 bytes failed: Запрос ReadProcessMemory или WriteProcessMemory был выполнен только частично. (0x12B)
[0724/115141.276:WARNING:pe_image_reader.cc(340)] could not read dos header from C:\Windows\system32\CRYPT32.dll
[0724/115141.276:ERROR:process_memory_win.cc(73)] ReadMemory at 0x7ffcf5050000 of 64 bytes failed: Запрос ReadProcessMemory или WriteProcessMemory был выполнен только частично. (0x12B)
[0724/115141.276:WARNING:pe_image_reader.cc(340)] could not read dos header from C:\Windows\SYSTEM32\DWrite.dll
[0724/115141.276:ERROR:process_memory_win.cc(73)] ReadMemory at 0x7ffcf0e40000 of 64 bytes failed: Запрос ReadProcessMemory или WriteProcessMemory был выполнен только частично. (0x12B)
[0724/115141.276:WARNING:pe_image_reader.cc(340)] could not read dos header from C:\Windows\SYSTEM32\WINSPOOL.DRV
[0724/115141.276:ERROR:process_memory_win.cc(73)] ReadMemory at 0x7ffcdc9c0000 of 64 bytes failed: Запрос ReadProcessMemory или WriteProcessMemory был выполнен только частично. (0x12B)
[0724/115141.277:WARNING:pe_image_reader.cc(340)] could not read dos header from C:\Windows\SYSTEM32\dbghelp.dll
[0724/115141.277:ERROR:process_memory_win.cc(73)] ReadMemory at 0x7ffcef3c0000 of 64 bytes failed: Запрос ReadProcessMemory или WriteProcessMemory был выполнен только частично. (0x12B)
[0724/115141.277:WARNING:pe_image_reader.cc(340)] could not read dos header from C:\Windows\SYSTEM32\WINHTTP.dll
[0724/115141.277:ERROR:process_memory_win.cc(73)] ReadMemory at 0x7ffcf19a0000 of 64 bytes failed: Запрос ReadProcessMemory или WriteProcessMemory был выполнен только частично. (0x12B)
[0724/115141.277:WARNING:pe_image_reader.cc(340)] could not read dos header from C:\Windows\SYSTEM32\dhcpcsvc.DLL
[0724/115141.277:ERROR:process_memory_win.cc(73)] ReadMemory at 0xf6a2f70000 of 64 bytes failed: Запрос ReadProcessMemory или WriteProcessMemory был выполнен только частично. (0x12B)
[0724/115141.277:WARNING:pe_image_reader.cc(340)] could not read dos header from C:\Windows\system32\NSI.dll
[0724/115141.277:ERROR:process_memory_win.cc(73)] ReadMemory at 0x7ffcf1bb0000 of 64 bytes failed: Запрос ReadProcessMemory или WriteProcessMemory был выполнен только частично. (0x12B)
[0724/115141.277:WARNING:pe_image_reader.cc(340)] could not read dos header from C:\Windows\SYSTEM32\WINNSI.DLL
[0724/115141.277:ERROR:process_memory_win.cc(73)] ReadMemory at 0x7ffcfa4a0000 of 64 bytes failed: Запрос ReadProcessMemory или WriteProcessMemory был выполнен только частично. (0x12B)
[0724/115141.277:WARNING:pe_image_reader.cc(340)] could not read dos header from C:\Windows\system32\combase.dll
[0724/115141.277:ERROR:process_memory_win.cc(73)] ReadMemory at 0x7ffcf0e10000 of 64 bytes failed: Запрос ReadProcessMemory или WriteProcessMemory был выполнен только частично. (0x12B)
[0724/115141.277:WARNING:pe_image_reader.cc(340)] could not read dos header from C:\Windows\SYSTEM32\WINMMBASE.dll
[0724/115141.277:ERROR:process_memory_win.cc(73)] ReadMemory at 0x7ffcf89a0000 of 64 bytes failed: Запрос ReadProcessMemory или WriteProcessMemory был выполнен только частично. (0x12B)
[0724/115141.277:WARNING:pe_image_reader.cc(340)] could not read dos header from C:\Windows\system32\USER32.dll
[0724/115141.277:ERROR:process_memory_win.cc(73)] ReadMemory at 0x7ffcf8080000 of 64 bytes failed: Запрос ReadProcessMemory или WriteProcessMemory был выполнен только частично. (0x12B)
[0724/115141.277:WARNING:pe_image_reader.cc(340)] could not read dos header from C:\Windows\SYSTEM32\profapi.dll
[0724/115141.277:ERROR:process_memory_win.cc(73)] ReadMemory at 0x7ffcf8130000 of 64 bytes failed: Запрос ReadProcessMemory или WriteProcessMemory был выполнен только частично. (0x12B)
[0724/115141.277:WARNING:pe_image_reader.cc(340)] could not read dos header from C:\Windows\system32\MSASN1.dll
[0724/115141.277:ERROR:process_memory_win.cc(73)] ReadMemory at 0x7ffcf8150000 of 64 bytes failed: Запрос ReadProcessMemory или WriteProcessMemory был выполнен только частично. (0x12B)
[0724/115141.277:WARNING:pe_image_reader.cc(340)] could not read dos header from C:\Windows\SYSTEM32\cfgmgr32.dll
[0724/115141.277:ERROR:process_memory_win.cc(73)] ReadMemory at 0x7ffcf6ea0000 of 64 bytes failed: Запрос ReadProcessMemory или WriteProcessMemory был выполнен только частично. (0x12B)
[0724/115141.277:WARNING:pe_image_reader.cc(340)] could not read dos header from C:\Windows\SYSTEM32\DEVOBJ.dll
[0724/115141.277:ERROR:process_memory_win.cc(73)] ReadMemory at 0x7ffcfaca0000 of 64 bytes failed: Запрос ReadProcessMemory или WriteProcessMemory был выполнен только частично. (0x12B)
[0724/115141.277:WARNING:pe_image_reader.cc(340)] could not read dos header from C:\Windows\system32\GDI32.dll
[0724/115141.277:ERROR:process_memory_win.cc(73)] ReadMemory at 0x7ffcfaf10000 of 64 bytes failed: Запрос ReadProcessMemory или WriteProcessMemory был выполнен только частично. (0x12B)
[0724/115141.277:WARNING:pe_image_reader.cc(340)] could not read dos header from C:\Windows\system32\IMM32.DLL
[0724/115141.277:ERROR:process_memory_win.cc(73)] ReadMemory at 0x7ffcf85f0000 of 64 bytes failed: Запрос ReadProcessMemory или WriteProcessMemory был выполнен только частично. (0x12B)
[0724/115141.277:WARNING:pe_image_reader.cc(340)] could not read dos header from C:\Windows\system32\MSCTF.dll
[0724/115141.277:ERROR:process_memory_win.cc(73)] ReadMemory at 0x7ffcf7fc0000 of 64 bytes failed: Запрос ReadProcessMemory или WriteProcessMemory был выполнен только частично. (0x12B)
[0724/115141.277:WARNING:pe_image_reader.cc(340)] could not read dos header from C:\Windows\SYSTEM32\CRYPTBASE.DLL
[0724/115141.277:ERROR:process_memory_win.cc(73)] ReadMemory at 0x7ffcf7f50000 of 64 bytes failed: Запрос ReadProcessMemory или WriteProcessMemory был выполнен только частично. (0x12B)
[0724/115141.277:WARNING:pe_image_reader.cc(340)] could not read dos header from C:\Windows\SYSTEM32\bcryptPrimitives.dll
[0724/115141.277:ERROR:process_memory_win.cc(73)] ReadMemory at 0x7ff69c310000 of 64 bytes failed: Запрос ReadProcessMemory или WriteProcessMemory был выполнен только частично. (0x12B)
[0724/115141.277:WARNING:pe_image_reader.cc(340)] could not read dos header from C:\Program Files (x86)\Google\Chrome\Application\chrome.exe
[0724/115141.277:ERROR:process_memory_win.cc(73)] ReadMemory at 0x7ffcfaf50000 of 64 bytes failed: Запрос ReadProcessMemory или WriteProcessMemory был выполнен только частично. (0x12B)
[0724/115141.277:WARNING:pe_image_reader.cc(340)] could not read dos header from C:\Windows\SYSTEM32\ntdll.dll
[0724/115141.277:ERROR:process_memory_win.cc(73)] ReadMemory at 0x7ffcfa9c0000 of 64 bytes failed: Запрос ReadProcessMemory или WriteProcessMemory был выполнен только частично. (0x12B)
[0724/115141.277:WARNING:pe_image_reader.cc(340)] could not read dos header from C:\Windows\system32\KERNEL32.DLL
[0724/115141.277:ERROR:process_memory_win.cc(73)] ReadMemory at 0x7ffcf84c0000 of 64 bytes failed: Запрос ReadProcessMemory или WriteProcessMemory был выполнен только частично. (0x12B)
[0724/115141.277:WARNING:pe_image_reader.cc(340)] could not read dos header from C:\Windows\system32\KERNELBASE.dll
[0724/115141.277:ERROR:process_memory_win.cc(73)] ReadMemory at 0x7ffcdc8d0000 of 64 bytes failed: Запрос ReadProcessMemory или WriteProcessMemory был выполнен только частично. (0x12B)
[0724/115141.277:WARNING:pe_image_reader.cc(340)] could not read dos header from C:\Program Files (x86)\Google\Chrome\Application\84.0.4147.89\chrome_elf.dll
[0724/115141.277:ERROR:process_memory_win.cc(73)] ReadMemory at 0x7ffcf6c30000 of 64 bytes failed: Запрос ReadProcessMemory или WriteProcessMemory был выполнен только частично. (0x12B)
[0724/115141.277:WARNING:pe_image_reader.cc(340)] could not read dos header from C:\Windows\SYSTEM32\VERSION.dll
[0724/115141.277:ERROR:process_memory_win.cc(73)] ReadMemory at 0x7ffcf8750000 of 64 bytes failed: Запрос ReadProcessMemory или WriteProcessMemory был выполнен только частично. (0x12B)
[0724/115141.277:WARNING:pe_image_reader.cc(340)] could not read dos header from C:\Windows\system32\msvcrt.dll
[0724/115141.277:ERROR:process_memory_win.cc(73)] ReadMemory at 0x7ffcfae00000 of 64 bytes failed: Запрос ReadProcessMemory или WriteProcessMemory был выполнен только частично. (0x12B)
[0724/115141.277:WARNING:pe_image_reader.cc(340)] could not read dos header from C:\Windows\system32\ADVAPI32.dll
[0724/115141.277:ERROR:process_memory_win.cc(73)] ReadMemory at 0x7ffcfa770000 of 64 bytes failed: Запрос ReadProcessMemory или WriteProcessMemory был выполнен только частично. (0x12B)
[0724/115141.277:WARNING:pe_image_reader.cc(340)] could not read dos header from C:\Windows\SYSTEM32\sechost.dll
[0724/115141.277:ERROR:process_memory_win.cc(73)] ReadMemory at 0x7ffcfa360000 of 64 bytes failed: Запрос ReadProcessMemory или WriteProcessMemory был выполнен только частично. (0x12B)
[0724/115141.277:WARNING:pe_image_reader.cc(340)] could not read dos header from C:\Windows\system32\RPCRT4.dll
[0724/115141.277:ERROR:process_memory_win.cc(73)] ReadMemory at 0x7ffcf82b0000 of 64 bytes failed: Запрос ReadProcessMemory или WriteProcessMemory был выполнен только частично. (0x12B)
[0724/115141.277:WARNING:pe_image_reader.cc(340)] could not read dos header from C:\Windows\system32\SspiCli.dll
[0724/115141.278:ERROR:process_memory_win.cc(73)] ReadMemory at 0x7ffcc8760000 of 64 bytes failed: Запрос ReadProcessMemory или WriteProcessMemory был выполнен только частично. (0x12B)
[0724/115141.278:WARNING:pe_image_reader.cc(340)] could not read dos header from C:\Program Files (x86)\Google\Chrome\Application\84.0.4147.89\chrome.dll
[0724/115141.278:ERROR:process_memory_win.cc(73)] ReadMemory at 0x7ffcf8b20000 of 64 bytes failed: Запрос ReadProcessMemory или WriteProcessMemory был выполнен только частично. (0x12B)
[0724/115141.278:WARNING:pe_image_reader.cc(340)] could not read dos header from C:\Windows\system32\WS2_32.dll
[0724/115141.278:ERROR:process_memory_win.cc(73)] ReadMemory at 0x7ffcf1be0000 of 64 bytes failed: Запрос ReadProcessMemory или WriteProcessMemory был выполнен только частично. (0x12B)
[0724/115141.278:WARNING:pe_image_reader.cc(340)] could not read dos header from C:\Windows\SYSTEM32\IPHLPAPI.DLL
[0724/115141.278:ERROR:process_memory_win.cc(73)] ReadMemory at 0x7ffcf8b80000 of 64 bytes failed: Запрос ReadProcessMemory или WriteProcessMemory был выполнен только частично. (0x12B)
[0724/115141.278:WARNING:pe_image_reader.cc(340)] could not read dos header from C:\Windows\system32\OLEAUT32.dll
[0724/115141.278:ERROR:process_memory_win.cc(73)] ReadMemory at 0x7ffcf0fe0000 of 64 bytes failed: Запрос ReadProcessMemory или WriteProcessMemory был выполнен только частично. (0x12B)
[0724/115141.278:WARNING:pe_image_reader.cc(340)] could not read dos header from C:\Windows\SYSTEM32\WINMM.dll
[0724/115141.278:ERROR:process_memory_win.cc(73)] ReadMemory at 0x7ffcea250000 of 64 bytes failed: Запрос ReadProcessMemory или WriteProcessMemory был выполнен только частично. (0x12B)
[0724/115141.278:WARNING:pe_image_reader.cc(340)] could not read dos header from C:\Windows\SYSTEM32\Secur32.dll
[0724/115141.278:ERROR:process_memory_win.cc(73)] ReadMemory at 0x7ffcf76c0000 of 64 bytes failed: Запрос ReadProcessMemory или WriteProcessMemory был выполнен только частично. (0x12B)
[0724/115141.278:WARNING:pe_image_reader.cc(340)] could not read dos header from C:\Windows\SYSTEM32\USERENV.dll
[0724/115141.278:ERROR:process_memory_win.cc(73)] ReadMemory at 0x7ffcf81a0000 of 64 bytes failed: Запрос ReadProcessMemory или WriteProcessMemory был выполнен только частично. (0x12B)
[0724/115141.278:WARNING:pe_image_reader.cc(340)] could not read dos header from C:\Windows\system32\WINTRUST.dll
[0724/115141.278:ERROR:process_memory_win.cc(73)] ReadMemory at 0x7ffce63d0000 of 64 bytes failed: Запрос ReadProcessMemory или WriteProcessMemory был выполнен только частично. (0x12B)
[0724/115141.278:WARNING:pe_image_reader.cc(340)] could not read dos header from C:\Windows\SYSTEM32\UIAutomationCore.DLL
[0724/115141.278:ERROR:process_memory_win.cc(73)] ReadMemory at 0x7ffcf82e0000 of 64 bytes failed: Запрос ReadProcessMemory или WriteProcessMemory был выполнен только частично. (0x12B)
[0724/115141.278:WARNING:pe_image_reader.cc(340)] could not read dos header from C:\Windows\system32\CRYPT32.dll
[0724/115141.278:ERROR:process_memory_win.cc(73)] ReadMemory at 0x7ffcf5050000 of 64 bytes failed: Запрос ReadProcessMemory или WriteProcessMemory был выполнен только частично. (0x12B)
[0724/115141.278:WARNING:pe_image_reader.cc(340)] could not read dos header from C:\Windows\SYSTEM32\DWrite.dll
[0724/115141.278:ERROR:process_memory_win.cc(73)] ReadMemory at 0x7ffcf0e40000 of 64 bytes failed: Запрос ReadProcessMemory или WriteProcessMemory был выполнен только частично. (0x12B)
[0724/115141.278:WARNING:pe_image_reader.cc(340)] could not read dos header from C:\Windows\SYSTEM32\WINSPOOL.DRV
[0724/115141.278:ERROR:process_memory_win.cc(73)] ReadMemory at 0x7ffcdc9c0000 of 64 bytes failed: Запрос ReadProcessMemory или WriteProcessMemory был выполнен только частично. (0x12B)
[0724/115141.278:WARNING:pe_image_reader.cc(340)] could not read dos header from C:\Windows\SYSTEM32\dbghelp.dll
[0724/115141.278:ERROR:process_memory_win.cc(73)] ReadMemory at 0x7ffcef3c0000 of 64 bytes failed: Запрос ReadProcessMemory или WriteProcessMemory был выполнен только частично. (0x12B)
[0724/115141.278:WARNING:pe_image_reader.cc(340)] could not read dos header from C:\Windows\SYSTEM32\WINHTTP.dll
[0724/115141.278:ERROR:process_memory_win.cc(73)] ReadMemory at 0x7ffcf19a0000 of 64 bytes failed: Запрос ReadProcessMemory или WriteProcessMemory был выполнен только частично. (0x12B)
[0724/115141.278:WARNING:pe_image_reader.cc(340)] could not read dos header from C:\Windows\SYSTEM32\dhcpcsvc.DLL
[0724/115141.278:ERROR:process_memory_win.cc(73)] ReadMemory at 0xf6a2f70000 of 64 bytes failed: Запрос ReadProcessMemory или WriteProcessMemory был выполнен только частично. (0x12B)
[0724/115141.278:WARNING:pe_image_reader.cc(340)] could not read dos header from C:\Windows\system32\NSI.dll
[0724/115141.278:ERROR:process_memory_win.cc(73)] ReadMemory at 0x7ffcf1bb0000 of 64 bytes failed: Запрос ReadProcessMemory или WriteProcessMemory был выполнен только частично. (0x12B)
[0724/115141.278:WARNING:pe_image_reader.cc(340)] could not read dos header from C:\Windows\SYSTEM32\WINNSI.DLL
[0724/115141.278:ERROR:process_memory_win.cc(73)] ReadMemory at 0x7ffcfa4a0000 of 64 bytes failed: Запрос ReadProcessMemory или WriteProcessMemory был выполнен только частично. (0x12B)
[0724/115141.278:WARNING:pe_image_reader.cc(340)] could not read dos header from C:\Windows\system32\combase.dll
[0724/115141.278:ERROR:process_memory_win.cc(73)] ReadMemory at 0x7ffcf0e10000 of 64 bytes failed: Запрос ReadProcessMemory или WriteProcessMemory был выполнен только частично. (0x12B)
[0724/115141.278:WARNING:pe_image_reader.cc(340)] could not read dos header from C:\Windows\SYSTEM32\WINMMBASE.dll
[0724/115141.278:ERROR:process_memory_win.cc(73)] ReadMemory at 0x7ffcf89a0000 of 64 bytes failed: Запрос ReadProcessMemory или WriteProcessMemory был выполнен только частично. (0x12B)
[0724/115141.278:WARNING:pe_image_reader.cc(340)] could not read dos header from C:\Windows\system32\USER32.dll
[0724/115141.278:ERROR:process_memory_win.cc(73)] ReadMemory at 0x7ffcf8080000 of 64 bytes failed: Запрос ReadProcessMemory или WriteProcessMemory был выполнен только частично. (0x12B)
[0724/115141.278:WARNING:pe_image_reader.cc(340)] could not read dos header from C:\Windows\SYSTEM32\profapi.dll
[0724/115141.278:ERROR:process_memory_win.cc(73)] ReadMemory at 0x7ffcf8130000 of 64 bytes failed: Запрос ReadProcessMemory или WriteProcessMemory был выполнен только частично. (0x12B)
[0724/115141.278:WARNING:pe_image_reader.cc(340)] could not read dos header from C:\Windows\system32\MSASN1.dll
[0724/115141.278:ERROR:process_memory_win.cc(73)] ReadMemory at 0x7ffcf8150000 of 64 bytes failed: Запрос ReadProcessMemory или WriteProcessMemory был выполнен только частично. (0x12B)
[0724/115141.278:WARNING:pe_image_reader.cc(340)] could not read dos header from C:\Windows\SYSTEM32\cfgmgr32.dll
[0724/115141.278:ERROR:process_memory_win.cc(73)] ReadMemory at 0x7ffcf6ea0000 of 64 bytes failed: Запрос ReadProcessMemory или WriteProcessMemory был выполнен только частично. (0x12B)
[0724/115141.278:WARNING:pe_image_reader.cc(340)] could not read dos header from C:\Windows\SYSTEM32\DEVOBJ.dll
[0724/115141.278:ERROR:process_memory_win.cc(73)] ReadMemory at 0x7ffcfaca0000 of 64 bytes failed: Запрос ReadProcessMemory или WriteProcessMemory был выполнен только частично. (0x12B)
[0724/115141.278:WARNING:pe_image_reader.cc(340)] could not read dos header from C:\Windows\system32\GDI32.dll
[0724/115141.278:ERROR:process_memory_win.cc(73)] ReadMemory at 0x7ffcfaf10000 of 64 bytes failed: Запрос ReadProcessMemory или WriteProcessMemory был выполнен только частично. (0x12B)
[0724/115141.278:WARNING:pe_image_reader.cc(340)] could not read dos header from C:\Windows\system32\IMM32.DLL
[0724/115141.278:ERROR:process_memory_win.cc(73)] ReadMemory at 0x7ffcf85f0000 of 64 bytes failed: Запрос ReadProcessMemory или WriteProcessMemory был выполнен только частично. (0x12B)
[0724/115141.279:WARNING:pe_image_reader.cc(340)] could not read dos header from C:\Windows\system32\MSCTF.dll
[0724/115141.279:ERROR:process_memory_win.cc(73)] ReadMemory at 0x7ffcf7fc0000 of 64 bytes failed: Запрос ReadProcessMemory или WriteProcessMemory был выполнен только частично. (0x12B)
[0724/115141.279:WARNING:pe_image_reader.cc(340)] could not read dos header from C:\Windows\SYSTEM32\CRYPTBASE.DLL
[0724/115141.279:ERROR:process_memory_win.cc(73)] ReadMemory at 0x7ffcf7f50000 of 64 bytes failed: Запрос ReadProcessMemory или WriteProcessMemory был выполнен только частично. (0x12B)
[0724/115141.279:WARNING:pe_image_reader.cc(340)] could not read dos header from C:\Windows\SYSTEM32\bcryptPrimitives.dll
[0724/115141.285:ERROR:process_memory_win.cc(73)] ReadMemory at 0xf6a2e0b000 of 86016 bytes failed: Запрос ReadProcessMemory или WriteProcessMemory был выполнен только частично. (0x12B)
[0724/115141.285:ERROR:process_memory_win.cc(73)] ReadMemory at 0xf6a505d000 of 12288 bytes failed: Запрос ReadProcessMemory или WriteProcessMemory был выполнен только частично. (0x12B)
[0724/115141.285:ERROR:process_memory_win.cc(73)] ReadMemory at 0xf6a605c000 of 16384 bytes failed: Запрос ReadProcessMemory или WriteProcessMemory был выполнен только частично. (0x12B)
[0724/115141.286:ERROR:process_memory_win.cc(73)] ReadMemory at 0xf6a685c000 of 16384 bytes failed: Запрос ReadProcessMemory или WriteProcessMemory был выполнен только частично. (0x12B)
[0724/115141.286:ERROR:process_memory_win.cc(73)] ReadMemory at 0xf6a705f000 of 4096 bytes failed: Запрос ReadProcessMemory или WriteProcessMemory был выполнен только частично. (0x12B)
[0724/115141.286:ERROR:process_memory_win.cc(73)] ReadMemory at 0xf6a785d000 of 12288 bytes failed: Запрос ReadProcessMemory или WriteProcessMemory был выполнен только частично. (0x12B)
[0724/115141.286:ERROR:process_memory_win.cc(73)] ReadMemory at 0xf6a81db000 of 20480 bytes failed: Запрос ReadProcessMemory или WriteProcessMemory был выполнен только частично. (0x12B)
[0724/115141.286:ERROR:process_memory_win.cc(73)] ReadMemory at 0xf6a91dc000 of 16384 bytes failed: Запрос ReadProcessMemory или WriteProcessMemory был выполнен только частично. (0x12B)
[0724/115141.286:ERROR:process_memory_win.cc(73)] ReadMemory at 0xf6a99e6000 of 40960 bytes failed: Запрос ReadProcessMemory или WriteProcessMemory был выполнен только частично. (0x12B)
[0724/115141.286:ERROR:process_memory_win.cc(73)] ReadMemory at 0xf6aa1e6000 of 40960 bytes failed: Запрос ReadProcessMemory или WriteProcessMemory был выполнен только частично. (0x12B)
[0724/115141.286:ERROR:process_memory_win.cc(73)] ReadMemory at 0xf6aabec000 of 16384 bytes failed: Запрос ReadProcessMemory или WriteProcessMemory был выполнен только частично. (0x12B)
[0724/115141.286:ERROR:process_memory_win.cc(73)] ReadMemory at 0xf6af9fd000 of 12288 bytes failed: Запрос ReadProcessMemory или WriteProcessMemory был выполнен только частично. (0x12B)
[0724/115141.286:ERROR:process_memory_win.cc(73)] ReadMemory at 0xf6a89d6000 of 40960 bytes failed: Запрос ReadProcessMemory или WriteProcessMemory был выполнен только частично. (0x12B)
[0724/115141.286:ERROR:process_memory_win.cc(73)] ReadMemory at 0xf6aba0b000 of 20480 bytes failed: Запрос ReadProcessMemory или WriteProcessMemory был выполнен только частично. (0x12B)
[0724/115141.286:ERROR:process_memory_win.cc(73)] ReadMemory at 0xf6b661f000 of 4096 bytes failed: Запрос ReadProcessMemory или WriteProcessMemory был выполнен только частично. (0x12B)
[0724/115141.286:ERROR:process_memory_win.cc(73)] ReadMemory at 0xf6a2f90860 of 9492 bytes failed: Запрос ReadProcessMemory или WriteProcessMemory был выполнен только частично. (0x12B)
[0724/115141.286:ERROR:process_memory_win.cc(73)] ReadMemory at 0xf6a2f92d80 of 1012 bytes failed: Запрос ReadProcessMemory или WriteProcessMemory был выполнен только частично. (0x12B)
[0724/115141.286:ERROR:process_memory_win.cc(73)] ReadMemory at 0xf6a2f93398 of 118 bytes failed: Запрос ReadProcessMemory или WriteProcessMemory был выполнен только частично. (0x12B)
[0724/115141.286:ERROR:process_memory_win.cc(73)] ReadMemory at 0xf6a2f93410 of 750 bytes failed: Запрос ReadProcessMemory или WriteProcessMemory был выполнен только частично. (0x12B)
[0724/115141.286:ERROR:process_memory_win.cc(73)] ReadMemory at 0xf6a2f93700 of 118 bytes failed: Запрос ReadProcessMemory или WriteProcessMemory был выполнен только частично. (0x12B)
[0724/115141.286:ERROR:process_memory_win.cc(73)] ReadMemory at 0xf6a2f93778 of 98 bytes failed: Запрос ReadProcessMemory или WriteProcessMemory был выполнен только частично. (0x12B)
[0724/115141.286:ERROR:process_memory_win.cc(73)] ReadMemory at 0xf6a2f937f0 of 58 bytes failed: Запрос ReadProcessMemory или WriteProcessMemory был выполнен только частично. (0x12B)
[0724/115141.824:ERROR:process_memory_win.cc(73)] ReadMemory at 0xf6a2f938f0 of 132 bytes failed: Запрос ReadProcessMemory или WriteProcessMemory был выполнен только частично. (0x12B)
[0724/115141.824:ERROR:process_memory_win.cc(73)] ReadMemory at 0xf6a2f93a70 of 132 bytes failed: Запрос ReadProcessMemory или WriteProcessMemory был выполнен только частично. (0x12B)
[0724/115141.824:ERROR:process_memory_win.cc(73)] ReadMemory at 0xf6a2f93c80 of 124 bytes failed: Запрос ReadProcessMemory или WriteProcessMemory был выполнен только частично. (0x12B)
[0724/115141.824:ERROR:process_memory_win.cc(73)] ReadMemory at 0xf6a2f93f70 of 64 bytes failed: Запрос ReadProcessMemory или WriteProcessMemory был выполнен только частично. (0x12B)
[0724/115141.824:ERROR:process_memory_win.cc(73)] ReadMemory at 0xf6a2f93fc0 of 132 bytes failed: Запрос ReadProcessMemory или WriteProcessMemory был выполнен только частично. (0x12B)
[0724/115141.824:ERROR:process_memory_win.cc(73)] ReadMemory at 0xf6a2f94280 of 152 bytes failed: Запрос ReadProcessMemory или WriteProcessMemory был выполнен только частично. (0x12B)
[0724/115141.824:ERROR:process_memory_win.cc(73)] ReadMemory at 0xf6a2f94330 of 68 bytes failed: Запрос ReadProcessMemory или WriteProcessMemory был выполнен только частично. (0x12B)
[0724/115141.824:ERROR:process_memory_win.cc(73)] ReadMemory at 0xf6a2f94380 of 132 bytes failed: Запрос ReadProcessMemory или WriteProcessMemory был выполнен только частично. (0x12B)
[0724/115141.824:ERROR:process_memory_win.cc(73)] ReadMemory at 0xf6a2f950d0 of 132 bytes failed: Запрос ReadProcessMemory или WriteProcessMemory был выполнен только частично. (0x12B)
[0724/115141.825:ERROR:process_memory_win.cc(73)] ReadMemory at 0xf6a2f95300 of 62 bytes failed: Запрос ReadProcessMemory или WriteProcessMemory был выполнен только частично. (0x12B)
[0724/115141.825:ERROR:process_memory_win.cc(73)] ReadMemory at 0xf6a2f95350 of 132 bytes failed: Запрос ReadProcessMemory или WriteProcessMemory был выполнен только частично. (0x12B)
[0724/115141.825:ERROR:process_memory_win.cc(73)] ReadMemory at 0xf6a2f95650 of 60 bytes failed: Запрос ReadProcessMemory или WriteProcessMemory был выполнен только частично. (0x12B)
[0724/115141.825:ERROR:process_memory_win.cc(73)] ReadMemory at 0xf6a2f965d0 of 132 bytes failed: Запрос ReadProcessMemory или WriteProcessMemory был выполнен только частично. (0x12B)
[0724/115141.825:ERROR:process_memory_win.cc(73)] ReadMemory at 0xf6a2fa5fe0 of 132 bytes failed: Запрос ReadProcessMemory или WriteProcessMemory был выполнен только частично. (0x12B)
[0724/115141.825:ERROR:process_memory_win.cc(73)] ReadMemory at 0xf6a2fa62e0 of 64 bytes failed: Запрос ReadProcessMemory или WriteProcessMemory был выполнен только частично. (0x12B)
[0724/115141.825:ERROR:process_memory_win.cc(73)] ReadMemory at 0xf6a2fa6330 of 64 bytes failed: Запрос ReadProcessMemory или WriteProcessMemory был выполнен только частично. (0x12B)
[0724/115142.421:ERROR:process_memory_win.cc(73)] ReadMemory at 0xf6a2fa6380 of 64 bytes failed: Запрос ReadProcessMemory или WriteProcessMemory был выполнен только частично. (0x12B)
[0724/115142.421:ERROR:process_memory_win.cc(73)] ReadMemory at 0xf6a2fa6470 of 62 bytes failed: Запрос ReadProcessMemory или WriteProcessMemory был выполнен только частично. (0x12B)
[0724/115142.421:ERROR:process_memory_win.cc(73)] ReadMemory at 0xf6a2fa65b0 of 60 bytes failed: Запрос ReadProcessMemory или WriteProcessMemory был выполнен только частично. (0x12B)
[0724/115142.421:ERROR:process_memory_win.cc(73)] ReadMemory at 0xf6a2fa66a0 of 60 bytes failed: Запрос ReadProcessMemory или WriteProcessMemory был выполнен только частично. (0x12B)
[0724/115142.421:ERROR:process_memory_win.cc(73)] ReadMemory at 0xf6a2fa66f0 of 58 bytes failed: Запрос ReadProcessMemory или WriteProcessMemory был выполнен только частично. (0x12B)
[0724/115142.421:ERROR:process_memory_win.cc(73)] ReadMemory at 0xf6a2fa6880 of 64 bytes failed: Запрос ReadProcessMemory или WriteProcessMemory был выполнен только частично. (0x12B)
[0724/115142.421:ERROR:process_memory_win.cc(73)] ReadMemory at 0xf6a2fa68d0 of 62 bytes failed: Запрос ReadProcessMemory или WriteProcessMemory был выполнен только частично. (0x12B)
[0724/115142.421:ERROR:process_memory_win.cc(73)] ReadMemory at 0xf6a2fa6920 of 62 bytes failed: Запрос ReadProcessMemory или WriteProcessMemory был выполнен только частично. (0x12B)
[0724/115142.421:ERROR:process_memory_win.cc(73)] ReadMemory at 0xf6a2fa6970 of 66 bytes failed: Запрос ReadProcessMemory или WriteProcessMemory был выполнен только частично. (0x12B)
[0724/115142.421:ERROR:process_memory_win.cc(73)] ReadMemory at 0xf6a2fa6a10 of 58 bytes failed: Запрос ReadProcessMemory или WriteProcessMemory был выполнен только частично. (0x12B)
[0724/115142.421:ERROR:process_memory_win.cc(73)] ReadMemory at 0xf6a2fa6a60 of 58 bytes failed: Запрос ReadProcessMemory или WriteProcessMemory был выполнен только частично. (0x12B)
[0724/115142.421:ERROR:process_memory_win.cc(73)] ReadMemory at 0xf6a2fa6b50 of 62 bytes failed: Запрос ReadProcessMemory или WriteProcessMemory был выполнен только частично. (0x12B)
[0724/115142.421:ERROR:process_memory_win.cc(73)] ReadMemory at 0xf6a2fa6ba0 of 62 bytes failed: Запрос ReadProcessMemory или WriteProcessMemory был выполнен только частично. (0x12B)
[0724/115142.421:ERROR:process_memory_win.cc(73)] ReadMemory at 0xf6a2fa6bf0 of 60 bytes failed: Запрос ReadProcessMemory или WriteProcessMemory был выполнен только частично. (0x12B)
[0724/115142.421:ERROR:process_memory_win.cc(73)] ReadMemory at 0xf6a2fa6c40 of 62 bytes failed: Запрос ReadProcessMemory или WriteProcessMemory был выполнен только частично. (0x12B)
[0724/115142.421:ERROR:process_memory_win.cc(73)] ReadMemory at 0xf6a2fa6c90 of 62 bytes failed: Запрос ReadProcessMemory или WriteProcessMemory был выполнен только частично. (0x12B)
[0724/115142.421:ERROR:process_memory_win.cc(73)] ReadMemory at 0xf6a2fa6ce0 of 64 bytes failed: Запрос ReadProcessMemory или WriteProcessMemory был выполнен только частично. (0x12B)
[0724/115142.421:ERROR:process_memory_win.cc(73)] ReadMemory at 0xf6a2fa6d30 of 60 bytes failed: Запрос ReadProcessMemory или WriteProcessMemory был выполнен только частично. (0x12B)
[0724/115142.421:ERROR:process_memory_win.cc(73)] ReadMemory at 0xf6a2fa6d80 of 64 bytes failed: Запрос ReadProcessMemory или WriteProcessMemory был выполнен только частично. (0x12B)
[0724/115142.421:ERROR:process_memory_win.cc(73)] ReadMemory at 0xf6a2fa6e20 of 58 bytes failed: Запрос ReadProcessMemory или WriteProcessMemory был выполнен только частично. (0x12B)
[0724/115142.421:ERROR:process_memory_win.cc(73)] ReadMemory at 0xf6a2fa6e70 of 64 bytes failed: Запрос ReadProcessMemory или WriteProcessMemory был выполнен только частично. (0x12B)
[0724/115142.421:ERROR:process_memory_win.cc(73)] ReadMemory at 0xf6a2fa6f10 of 62 bytes failed: Запрос ReadProcessMemory или WriteProcessMemory был выполнен только частично. (0x12B)
[0724/115142.421:ERROR:process_memory_win.cc(73)] ReadMemory at 0xf6a2fa6f60 of 60 bytes failed: Запрос ReadProcessMemory или WriteProcessMemory был выполнен только частично. (0x12B)
[0724/115142.421:ERROR:process_memory_win.cc(73)] ReadMemory at 0xf6a2fa6fb0 of 62 bytes failed: Запрос ReadProcessMemory или WriteProcessMemory был выполнен только частично. (0x12B)
[0724/115142.421:ERROR:process_memory_win.cc(73)] ReadMemory at 0xf6a2fa7000 of 60 bytes failed: Запрос ReadProcessMemory или WriteProcessMemory был выполнен только частично. (0x12B)
[0724/115142.948:ERROR:process_memory_win.cc(73)] ReadMemory at 0xf6a2fa7050 of 60 bytes failed: Запрос ReadProcessMemory или WriteProcessMemory был выполнен только частично. (0x12B)
[0724/115142.948:ERROR:process_memory_win.cc(73)] ReadMemory at 0xf6a2fa7cf0 of 54 bytes failed: Запрос ReadProcessMemory или WriteProcessMemory был выполнен только частично. (0x12B)
[0724/115142.948:ERROR:process_memory_win.cc(73)] ReadMemory at 0xf6a2fa9380 of 80 bytes failed: Запрос ReadProcessMemory или WriteProcessMemory был выполнен только частично. (0x12B)
[0724/115142.948:ERROR:process_memory_win.cc(73)] ReadMemory at 0xf6a2fa9b60 of 132 bytes failed: Запрос ReadProcessMemory или WriteProcessMemory был выполнен только частично. (0x12B)
[0724/115142.948:ERROR:process_memory_win.cc(73)] ReadMemory at 0xf6a2faa640 of 132 bytes failed: Запрос ReadProcessMemory или WriteProcessMemory был выполнен только частично. (0x12B)
[0724/115142.948:ERROR:process_memory_win.cc(73)] ReadMemory at 0xf6a2faa760 of 132 bytes failed: Запрос ReadProcessMemory или WriteProcessMemory был выполнен только частично. (0x12B)
[0724/115142.948:ERROR:process_memory_win.cc(73)] ReadMemory at 0xf6a2faa880 of 144 bytes failed: Запрос ReadProcessMemory или WriteProcessMemory был выполнен только частично. (0x12B)
[0724/115142.948:ERROR:process_memory_win.cc(73)] ReadMemory at 0xf6a2faa970 of 132 bytes failed: Запрос ReadProcessMemory или WriteProcessMemory был выполнен только частично. (0x12B)
[0724/115142.948:ERROR:process_memory_win.cc(73)] ReadMemory at 0xf6a2fae100 of 132 bytes failed: Запрос ReadProcessMemory или WriteProcessMemory был выполнен только частично. (0x12B)
[0724/115142.948:ERROR:process_memory_win.cc(73)] ReadMemory at 0xf6a2fae220 of 132 bytes failed: Запрос ReadProcessMemory или WriteProcessMemory был выполнен только частично. (0x12B)
[0724/115142.948:ERROR:process_memory_win.cc(73)] ReadMemory at 0xf6a2fae340 of 132 bytes failed: Запрос ReadProcessMemory или WriteProcessMemory был выполнен только частично. (0x12B)
[0724/115142.948:ERROR:process_memory_win.cc(73)] ReadMemory at 0xf6a2fae460 of 132 bytes failed: Запрос ReadProcessMemory или WriteProcessMemory был выполнен только частично. (0x12B)
[0724/115142.948:ERROR:process_memory_win.cc(73)] ReadMemory at 0xf6a2fae580 of 132 bytes failed: Запрос ReadProcessMemory или WriteProcessMemory был выполнен только частично. (0x12B)
[0724/115142.948:ERROR:process_memory_win.cc(73)] ReadMemory at 0xf6a2faeff0 of 132 bytes failed: Запрос ReadProcessMemory или WriteProcessMemory был выполнен только частично. (0x12B)
[0724/115142.948:ERROR:process_memory_win.cc(73)] ReadMemory at 0xf6a2faf110 of 132 bytes failed: Запрос ReadProcessMemory или WriteProcessMemory был выполнен только частично. (0x12B)
[0724/115142.948:ERROR:process_memory_win.cc(73)] ReadMemory at 0xf6a2faf230 of 132 bytes failed: Запрос ReadProcessMemory или WriteProcessMemory был выполнен только частично. (0x12B)
[0724/115142.948:ERROR:process_memory_win.cc(73)] ReadMemory at 0xf6a2faf350 of 132 bytes failed: Запрос ReadProcessMemory или WriteProcessMemory был выполнен только частично. (0x12B)
[0724/115142.948:ERROR:process_memory_win.cc(73)] ReadMemory at 0xf6a2faf470 of 132 bytes failed: Запрос ReadProcessMemory или WriteProcessMemory был выполнен только частично. (0x12B)
[0724/115142.948:ERROR:process_memory_win.cc(73)] ReadMemory at 0xf6a2faf590 of 132 bytes failed: Запрос ReadProcessMemory или WriteProcessMemory был выполнен только частично. (0x12B)
[0724/115142.948:ERROR:process_memory_win.cc(73)] ReadMemory at 0xf6a2faf6b0 of 132 bytes failed: Запрос ReadProcessMemory или WriteProcessMemory был выполнен только частично. (0x12B)
[0724/115142.948:ERROR:process_memory_win.cc(73)] ReadMemory at 0xf6a2faf7d0 of 132 bytes failed: Запрос ReadProcessMemory или WriteProcessMemory был выполнен только частично. (0x12B)
[0724/115142.948:ERROR:process_memory_win.cc(73)] ReadMemory at 0xf6a2faf8f0 of 132 bytes failed: Запрос ReadProcessMemory или WriteProcessMemory был выполнен только частично. (0x12B)
[0724/115142.948:ERROR:process_memory_win.cc(73)] ReadMemory at 0xf6a2fafa10 of 132 bytes failed: Запрос ReadProcessMemory или WriteProcessMemory был выполнен только частично. (0x12B)
[0724/115142.948:ERROR:process_memory_win.cc(73)] ReadMemory at 0xf6a2fafb30 of 132 bytes failed: Запрос ReadProcessMemory или WriteProcessMemory был выполнен только частично. (0x12B)
[0724/115142.948:ERROR:process_memory_win.cc(73)] ReadMemory at 0xf6a2fafc50 of 132 bytes failed: Запрос ReadProcessMemory или WriteProcessMemory был выполнен только частично. (0x12B)
[0724/115142.948:ERROR:process_memory_win.cc(73)] ReadMemory at 0xf6a2fafd70 of 132 bytes failed: Запрос ReadProcessMemory или WriteProcessMemory был выполнен только частично. (0x12B)
[0724/115142.948:ERROR:process_memory_win.cc(73)] ReadMemory at 0xf6a2fb1d90 of 132 bytes failed: Запрос ReadProcessMemory или WriteProcessMemory был выполнен только частично. (0x12B)
[0724/115142.948:ERROR:process_memory_win.cc(73)] ReadMemory at 0xf6a2fb1fd0 of 132 bytes failed: Запрос ReadProcessMemory или WriteProcessMemory был выполнен только частично. (0x12B)
[0724/115142.948:ERROR:process_memory_win.cc(73)] ReadMemory at 0xf6a2fb20f0 of 132 bytes failed: Запрос ReadProcessMemory или WriteProcessMemory был выполнен только частично. (0x12B)
[0724/115142.948:ERROR:process_memory_win.cc(73)] ReadMemory at 0xf6a2fb2330 of 132 bytes failed: Запрос ReadProcessMemory или WriteProcessMemory был выполнен только частично. (0x12B)
[0724/115142.948:ERROR:process_memory_win.cc(73)] ReadMemory at 0xf6a2fb2450 of 132 bytes failed: Запрос ReadProcessMemory или WriteProcessMemory был выполнен только частично. (0x12B)
[0724/115142.948:ERROR:process_memory_win.cc(73)] ReadMemory at 0xf6a2fb2570 of 132 bytes failed: Запрос ReadProcessMemory или WriteProcessMemory был выполнен только частично. (0x12B)
[0724/115142.948:ERROR:process_memory_win.cc(73)] ReadMemory at 0xf6a2fb2690 of 132 bytes failed: Запрос ReadProcessMemory или WriteProcessMemory был выполнен только частично. (0x12B)
[0724/115142.948:ERROR:process_memory_win.cc(73)] ReadMemory at 0xf6a2fb28d0 of 132 bytes failed: Запрос ReadProcessMemory или WriteProcessMemory был выполнен только частично. (0x12B)
[0724/115142.948:ERROR:process_memory_win.cc(73)] ReadMemory at 0xf6a2fb31d0 of 132 bytes failed: Запрос ReadProcessMemory или WriteProcessMemory был выполнен только частично. (0x12B)
[0724/115142.948:ERROR:process_memory_win.cc(73)] ReadMemory at 0xf6a2fb3530 of 132 bytes failed: Запрос ReadProcessMemory или WriteProcessMemory был выполнен только частично. (0x12B)
[0724/115142.949:ERROR:process_memory_win.cc(73)] ReadMemory at 0xf6a2fb9000 of 512 bytes failed: Запрос ReadProcessMemory или WriteProcessMemory был выполнен только частично. (0x12B)
[0724/115142.949:ERROR:process_memory_win.cc(73)] ReadMemory at 0xf6a2fc2320 of 512 bytes failed: Запрос ReadProcessMemory или WriteProcessMemory был выполнен только частично. (0x12B)
[0724/115142.949:ERROR:process_memory_win.cc(73)] ReadMemory at 0xf6a2feb930 of 66 bytes failed: Запрос ReadProcessMemory или WriteProcessMemory был выполнен только частично. (0x12B)
[0724/115142.949:ERROR:process_memory_win.cc(73)] ReadMemory at 0xf6a2ff20e0 of 80 bytes failed: Запрос ReadProcessMemory или WriteProcessMemory был выполнен только частично. (0x12B)
[0724/115143.164:ERROR:process_memory_win.cc(73)] ReadMemory at 0xf6a300f6e0 of 536 bytes failed: Запрос ReadProcessMemory или WriteProcessMemory был выполнен только частично. (0x12B)
[0724/115143.164:ERROR:process_memory_win.cc(73)] ReadMemory at 0xf6a30151d0 of 512 bytes failed: Запрос ReadProcessMemory или WriteProcessMemory был выполнен только частично. (0x12B)
[0724/115143.164:ERROR:process_memory_win.cc(73)] ReadMemory at 0xf6a301ba90 of 896 bytes failed: Запрос ReadProcessMemory или WriteProcessMemory был выполнен только частично. (0x12B)
[0724/115143.164:ERROR:process_memory_win.cc(73)] ReadMemory at 0xf6a301e2d0 of 512 bytes failed: Запрос ReadProcessMemory или WriteProcessMemory был выполнен только частично. (0x12B)
[0724/115143.164:ERROR:process_memory_win.cc(73)] ReadMemory at 0xf6a3044dc0 of 512 bytes failed: Запрос ReadProcessMemory или WriteProcessMemory был выполнен только частично. (0x12B)
[0724/115143.164:ERROR:process_memory_win.cc(73)] ReadMemory at 0xf6a304c200 of 512 bytes failed: Запрос ReadProcessMemory или WriteProcessMemory был выполнен только частично. (0x12B)
[0724/115143.164:ERROR:process_memory_win.cc(73)] ReadMemory at 0xf6a50a1f54 of 512 bytes failed: Запрос ReadProcessMemory или WriteProcessMemory был выполнен только частично. (0x12B)
[0724/115143.164:ERROR:process_memory_win.cc(73)] ReadMemory at 0xf6a78e0520 of 512 bytes failed: Запрос ReadProcessMemory или WriteProcessMemory был выполнен только частично. (0x12B)
[0724/115143.164:ERROR:process_memory_win.cc(73)] ReadMemory at 0xf6a78f5d30 of 544 bytes failed: Запрос ReadProcessMemory или WriteProcessMemory был выполнен только частично. (0x12B)
[0724/115143.164:ERROR:process_memory_win.cc(73)] ReadMemory at 0xf6a79188b0 of 512 bytes failed: Запрос ReadProcessMemory или WriteProcessMemory был выполнен только частично. (0x12B)
[0724/115143.164:ERROR:process_memory_win.cc(73)] ReadMemory at 0xf6aacac598 of 512 bytes failed: Запрос ReadProcessMemory или WriteProcessMemory был выполнен только частично. (0x12B)
[0724/115143.164:ERROR:process_memory_win.cc(73)] ReadMemory at 0xf6ac29de60 of 512 bytes failed: Запрос ReadProcessMemory или WriteProcessMemory был выполнен только частично. (0x12B)
[0724/115143.164:ERROR:process_memory_win.cc(73)] ReadMemory at 0xf6acab3fa0 of 512 bytes failed: Запрос ReadProcessMemory или WriteProcessMemory был выполнен только частично. (0x12B)
[0724/115143.164:ERROR:process_memory_win.cc(73)] ReadMemory at 0xf6ad6c3730 of 512 bytes failed: Запрос ReadProcessMemory или WriteProcessMemory был выполнен только частично. (0x12B)
[0724/115143.164:ERROR:process_memory_win.cc(73)] ReadMemory at 0xf6b089f170 of 512 bytes failed: Запрос ReadProcessMemory или WriteProcessMemory был выполнен только частично. (0x12B)
[0724/115143.164:ERROR:process_memory_win.cc(73)] ReadMemory at 0xf6b0a9aa00 of 512 bytes failed: Запрос ReadProcessMemory или WriteProcessMemory был выполнен только частично. (0x12B)
[0724/115143.164:ERROR:process_memory_win.cc(73)] ReadMemory at 0xf6b159e260 of 512 bytes failed: Запрос ReadProcessMemory или WriteProcessMemory был выполнен только частично. (0x12B)
[0724/115143.164:ERROR:process_memory_win.cc(73)] ReadMemory at 0xf6b15a29b8 of 512 bytes failed: Запрос ReadProcessMemory или WriteProcessMemory был выполнен только частично. (0x12B)
[0724/115143.164:ERROR:process_memory_win.cc(73)] ReadMemory at 0x67b808c7c88d of 512 bytes failed: Запрос ReadProcessMemory или WriteProcessMemory был выполнен только частично. (0x12B)
[0724/115143.700:ERROR:process_memory_win.cc(73)] ReadMemory at 0x7ff69ba5e000 of 6024 bytes failed: Запрос ReadProcessMemory или WriteProcessMemory был выполнен только частично. (0x12B)
[0724/115143.700:ERROR:process_memory_win.cc(73)] ReadMemory at 0x7ff69ba60000 of 6024 bytes failed: Запрос ReadProcessMemory или WriteProcessMemory был выполнен только частично. (0x12B)
[0724/115143.700:ERROR:process_memory_win.cc(73)] ReadMemory at 0x7ff69ba62000 of 6024 bytes failed: Запрос ReadProcessMemory или WriteProcessMemory был выполнен только частично. (0x12B)
[0724/115143.700:ERROR:process_memory_win.cc(73)] ReadMemory at 0x7ff69ba64000 of 6024 bytes failed: Запрос ReadProcessMemory или WriteProcessMemory был выполнен только частично. (0x12B)
[0724/115143.700:ERROR:process_memory_win.cc(73)] ReadMemory at 0x7ff69ba66000 of 6024 bytes failed: Запрос ReadProcessMemory или WriteProcessMemory был выполнен только частично. (0x12B)
[0724/115143.700:ERROR:process_memory_win.cc(73)] ReadMemory at 0x7ff69ba68000 of 6024 bytes failed: Запрос ReadProcessMemory или WriteProcessMemory был выполнен только частично. (0x12B)
[0724/115143.700:ERROR:process_memory_win.cc(73)] ReadMemory at 0x7ff69ba6a000 of 6024 bytes failed: Запрос ReadProcessMemory или WriteProcessMemory был выполнен только частично. (0x12B)
[0724/115143.700:ERROR:process_memory_win.cc(73)] ReadMemory at 0x7ff69ba6c000 of 6024 bytes failed: Запрос ReadProcessMemory или WriteProcessMemory был выполнен только частично. (0x12B)
[0724/115143.700:ERROR:process_memory_win.cc(73)] ReadMemory at 0x7ff69ba6e000 of 6024 bytes failed: Запрос ReadProcessMemory или WriteProcessMemory был выполнен только частично. (0x12B)
[0724/115143.700:ERROR:process_memory_win.cc(73)] ReadMemory at 0x7ff69bb93000 of 6024 bytes failed: Запрос ReadProcessMemory или WriteProcessMemory был выполнен только частично. (0x12B)
[0724/115143.700:ERROR:process_memory_win.cc(73)] ReadMemory at 0x7ff69bb95000 of 6024 bytes failed: Запрос ReadProcessMemory или WriteProcessMemory был выполнен только частично. (0x12B)
[0724/115143.700:ERROR:process_memory_win.cc(73)] ReadMemory at 0x7ff69bb97000 of 6024 bytes failed: Запрос ReadProcessMemory или WriteProcessMemory был выполнен только частично. (0x12B)
[0724/115143.700:ERROR:process_memory_win.cc(73)] ReadMemory at 0x7ff69bb99000 of 6024 bytes failed: Запрос ReadProcessMemory или WriteProcessMemory был выполнен только частично. (0x12B)
[0724/115143.700:ERROR:process_memory_win.cc(73)] ReadMemory at 0x7ff69bb9b000 of 6024 bytes failed: Запрос ReadProcessMemory или WriteProcessMemory был выполнен только частично. (0x12B)
[0724/115143.700:ERROR:process_memory_win.cc(73)] ReadMemory at 0x7ff69bb9d000 of 852 bytes failed: Запрос ReadProcessMemory или WriteProcessMemory был выполнен только частично. (0x12B)
[0724/115143.700:ERROR:process_memory_win.cc(73)] ReadMemory at 0x7ff69bb9e000 of 6024 bytes failed: Запрос ReadProcessMemory или WriteProcessMemory был выполнен только частично. (0x12B)
[0724/115143.700:ERROR:process_memory_win.cc(73)] ReadMemory at 0x7ffcc876edb0 of 512 bytes failed: Запрос ReadProcessMemory или WriteProcessMemory был выполнен только частично. (0x12B)
[0724/115143.701:ERROR:process_memory_win.cc(73)] ReadMemory at 0x7ffcc885939b of 512 bytes failed: Запрос ReadProcessMemory или WriteProcessMemory был выполнен только частично. (0x12B)
[0724/115143.701:ERROR:process_memory_win.cc(73)] ReadMemory at 0x7ffccf45a47b of 512 bytes failed: Запрос ReadProcessMemory или WriteProcessMemory был выполнен только частично. (0x12B)
[0724/115143.701:ERROR:process_memory_win.cc(73)] ReadMemory at 0x7ffccf602148 of 512 bytes failed: Запрос ReadProcessMemory или WriteProcessMemory был выполнен только частично. (0x12B)
[0724/115143.701:ERROR:process_memory_win.cc(73)] ReadMemory at 0x7ffcdc8f79b3 of 512 bytes failed: Запрос ReadProcessMemory или WriteProcessMemory был выполнен только частично. (0x12B)
[0724/115143.701:ERROR:process_memory_win.cc(73)] ReadMemory at 0x7ffcdc8f81a0 of 512 bytes failed: Запрос ReadProcessMemory или WriteProcessMemory был выполнен только частично. (0x12B)
[0724/115143.701:ERROR:process_memory_win.cc(73)] ReadMemory at 0x7ffcfaf595e0 of 18 bytes failed: Запрос ReadProcessMemory или WriteProcessMemory был выполнен только частично. (0x12B)
[0724/115143.701:ERROR:process_memory_win.cc(73)] ReadMemory at 0x7ffcfaf6c4f0 of 512 bytes failed: Запрос ReadProcessMemory или WriteProcessMemory был выполнен только частично. (0x12B)
[0724/115143.701:ERROR:process_memory_win.cc(73)] ReadMemory at 0x7ffcfaf8acd0 of 512 bytes failed: Запрос ReadProcessMemory или WriteProcessMemory был выполнен только частично. (0x12B)
[0724/115143.701:ERROR:process_memory_win.cc(73)] ReadMemory at 0x7ffcfafe071a of 592 bytes failed: Запрос ReadProcessMemory или WriteProcessMemory был выполнен только частично. (0x12B)
[0724/115143.701:ERROR:process_memory_win.cc(73)] ReadMemory at 0x7ffcfafe219a of 560 bytes failed: Запрос ReadProcessMemory или WriteProcessMemory был выполнен только частично. (0x12B)
[0724/115143.701:ERROR:process_memory_win.cc(73)] ReadMemory at 0x7ffcfb07e8a8 of 40 bytes failed: Запрос ReadProcessMemory или WriteProcessMemory был выполнен только частично. (0x12B)
[0724/115143.701:ERROR:process_memory_win.cc(73)] ReadMemory at 0x7ffcfb07ebe0 of 48 bytes failed: Запрос ReadProcessMemory или WriteProcessMemory был выполнен только частично. (0x12B)
[0724/115143.701:ERROR:process_memory_win.cc(73)] ReadMemory at 0x7ffcfb081320 of 64 bytes failed: Запрос ReadProcessMemory или WriteProcessMemory был выполнен только частично. (0x12B)
[0724/115150.862:ERROR:scoped_process_suspend.cc(40)] NtResumeProcess: Попытка доступа к процессу, выполняющему процедуру завершения. (0xc000010a)
